2018-12-31-13-12 [background-preinit] [org.hibernate.validator.internal.util.Version] [INFO] - HV000001: Hibernate Validator 6.0.13.Final
  2018-12-31-13-12 [restartedMain] [com.os.manager.OnlinestoreManagerApplication] [INFO] - Starting OnlinestoreManagerApplication on UVQ7T8K4LW8R4HV with PID 10944 (D:\workspace\onlinestore_manager\target\classes started by Administrator in D:\workspace\onlinestore_manager)
  2018-12-31-13-12 [restartedMain] [com.os.manager.OnlinestoreManagerApplication] [INFO] - No active profile set, falling back to default profiles: default
  2018-12-31-13-12 [restartedMain] [org.springframework.boot.web.servlet.context.AnnotationConfigServletWebServerApplicationContext] [INFO] - Refreshing org.springframework.boot.web.servlet.context.AnnotationConfigServletWebServerApplicationContext@400b856d: startup date [Mon Dec 31 13:12:33 CST 2018]; root of context hierarchy
  2018-12-31-13-12 [restartedMain] [org.springframework.data.repository.config.RepositoryConfigurationDelegate] [INFO] - Multiple Spring Data modules found, entering strict repository configuration mode!
  2018-12-31-13-12 [restartedMain] [org.springframework.context.support.PostProcessorRegistrationDelegate$BeanPostProcessorChecker] [INFO] - Bean 'org.springframework.transaction.annotation.ProxyTransactionManagementConfiguration' of type [org.springframework.transaction.annotation.ProxyTransactionManagementConfiguration$$EnhancerBySpringCGLIB$$4abc6bd8] is not eligible for getting processed by all BeanPostProcessors (for example: not eligible for auto-proxying)
  2018-12-31-13-12 [restartedMain] [org.springframework.boot.web.embedded.tomcat.TomcatWebServer] [INFO] - Tomcat initialized with port(s): 8080 (http)
  2018-12-31-13-12 [localhost-startStop-1] [org.springframework.web.context.ContextLoader] [INFO] - Root WebApplicationContext: initialization completed in 1682 ms
  2018-12-31-13-12 [localhost-startStop-1] [org.springframework.boot.web.servlet.ServletRegistrationBean] [INFO] - Servlet dispatcherServlet mapped to [/]
  2018-12-31-13-12 [localhost-startStop-1] [org.springframework.boot.web.servlet.FilterRegistrationBean] [INFO] - Mapping filter: 'characterEncodingFilter' to: [/*]
  2018-12-31-13-12 [localhost-startStop-1] [org.springframework.boot.web.servlet.FilterRegistrationBean] [INFO] - Mapping filter: 'hiddenHttpMethodFilter' to: [/*]
  2018-12-31-13-12 [localhost-startStop-1] [org.springframework.boot.web.servlet.FilterRegistrationBean] [INFO] - Mapping filter: 'httpPutFormContentFilter' to: [/*]
  2018-12-31-13-12 [localhost-startStop-1] [org.springframework.boot.web.servlet.FilterRegistrationBean] [INFO] - Mapping filter: 'requestContextFilter' to: [/*]
  2018-12-31-13-12 [restartedMain] [org.springframework.web.servlet.handler.SimpleUrlHandlerMapping] [INFO] - Mapped URL path [/**/favicon.ico] onto handler of type [class org.springframework.web.servlet.resource.ResourceHttpRequestHandler]
  2018-12-31-13-12 [restartedMain] [org.springframework.web.servlet.mvc.method.annotation.RequestMappingHandlerAdapter] [INFO] - Looking for @ControllerAdvice: org.springframework.boot.web.servlet.context.AnnotationConfigServletWebServerApplicationContext@400b856d: startup date [Mon Dec 31 13:12:33 CST 2018]; root of context hierarchy
  2018-12-31-13-12 [restartedMain] [org.springframework.web.servlet.mvc.method.annotation.RequestMappingHandlerMapping] [INFO] - Mapped "{[/system/role/conifg]}" onto public com.os.manager.response.TableDataResp com.os.manager.controller.RoleController.roleConfig(com.os.manager.request.base.BaseResq,org.springframework.validation.BindingResult)
  2018-12-31-13-12 [restartedMain] [org.springframework.web.servlet.mvc.method.annotation.RequestMappingHandlerMapping] [INFO] - Mapped "{[/test/test]}" onto public com.os.manager.response.TestResp com.os.manager.controller.TestController.test()
  2018-12-31-13-12 [restartedMain] [org.springframework.web.servlet.mvc.method.annotation.RequestMappingHandlerMapping] [INFO] - Mapped "{[/error]}" onto public org.springframework.http.ResponseEntity<java.util.Map<java.lang.String, java.lang.Object>> org.springframework.boot.autoconfigure.web.servlet.error.BasicErrorController.error(javax.servlet.http.HttpServletRequest)
  2018-12-31-13-12 [restartedMain] [org.springframework.web.servlet.mvc.method.annotation.RequestMappingHandlerMapping] [INFO] - Mapped "{[/error],produces=[text/html]}" onto public org.springframework.web.servlet.ModelAndView org.springframework.boot.autoconfigure.web.servlet.error.BasicErrorController.errorHtml(javax.servlet.http.HttpServletRequest,javax.servlet.http.HttpServletResponse)
  2018-12-31-13-12 [restartedMain] [org.springframework.web.servlet.handler.SimpleUrlHandlerMapping] [INFO] - Mapped URL path [/webjars/**] onto handler of type [class org.springframework.web.servlet.resource.ResourceHttpRequestHandler]
  2018-12-31-13-12 [restartedMain] [org.springframework.web.servlet.handler.SimpleUrlHandlerMapping] [INFO] - Mapped URL path [/**] onto handler of type [class org.springframework.web.servlet.resource.ResourceHttpRequestHandler]
  2018-12-31-13-12 [restartedMain] [com.zaxxer.hikari.HikariDataSource] [INFO] - HikariPool-1 - Starting...
  2018-12-31-13-12 [restartedMain] [com.zaxxer.hikari.HikariDataSource] [INFO] - HikariPool-1 - Start completed.
  2018-12-31-13-12 [restartedMain] [org.quartz.impl.StdSchedulerFactory] [INFO] - Using default implementation for ThreadExecutor
  2018-12-31-13-12 [restartedMain] [org.quartz.core.SchedulerSignalerImpl] [INFO] - Initialized Scheduler Signaller of type: class org.quartz.core.SchedulerSignalerImpl
  2018-12-31-13-12 [restartedMain] [org.quartz.core.QuartzScheduler] [INFO] - Quartz Scheduler v.2.3.0 created.
  2018-12-31-13-12 [restartedMain] [org.quartz.simpl.RAMJobStore] [INFO] - RAMJobStore initialized.
  2018-12-31-13-12 [restartedMain] [org.quartz.core.QuartzScheduler] [INFO] - Scheduler meta-data: Quartz Scheduler (v2.3.0) 'quartzScheduler' with instanceId 'NON_CLUSTERED'
  Scheduler class: 'org.quartz.core.QuartzScheduler' - running locally.
  NOT STARTED.
  Currently in standby mode.
  Number of jobs executed: 0
  Using thread pool 'org.quartz.simpl.SimpleThreadPool' - with 10 threads.
  Using job-store 'org.quartz.simpl.RAMJobStore' - which does not support persistence. and is not clustered.

  2018-12-31-13-12 [restartedMain] [org.quartz.impl.StdSchedulerFactory] [INFO] - Quartz scheduler 'quartzScheduler' initialized from an externally provided properties instance.
  2018-12-31-13-12 [restartedMain] [org.quartz.impl.StdSchedulerFactory] [INFO] - Quartz scheduler version: 2.3.0
  2018-12-31-13-12 [restartedMain] [org.quartz.core.QuartzScheduler] [INFO] - JobFactory set to: org.springframework.boot.autoconfigure.quartz.AutowireCapableBeanJobFactory@222c2d98
  2018-12-31-13-12 [restartedMain] [org.springframework.boot.devtools.autoconfigure.OptionalLiveReloadServer] [INFO] - LiveReload server is running on port 35729
  2018-12-31-13-12 [restartedMain] [org.springframework.jmx.export.annotation.AnnotationMBeanExporter] [INFO] - Registering beans for JMX exposure on startup
  2018-12-31-13-12 [restartedMain] [org.springframework.jmx.export.annotation.AnnotationMBeanExporter] [INFO] - Bean with name 'dataSource' has been autodetected for JMX exposure
  2018-12-31-13-12 [restartedMain] [org.springframework.jmx.export.annotation.AnnotationMBeanExporter] [INFO] - Located MBean 'dataSource': registering with JMX server as MBean [com.zaxxer.hikari:name=dataSource,type=HikariDataSource]
  2018-12-31-13-12 [restartedMain] [org.springframework.context.support.DefaultLifecycleProcessor] [INFO] - Starting beans in phase 2147483647
  2018-12-31-13-12 [restartedMain] [org.springframework.scheduling.quartz.SchedulerFactoryBean] [INFO] - Starting Quartz Scheduler now
  2018-12-31-13-12 [restartedMain] [org.quartz.core.QuartzScheduler] [INFO] - Scheduler quartzScheduler_$_NON_CLUSTERED started.
  2018-12-31-13-12 [restartedMain] [org.springframework.boot.web.embedded.tomcat.TomcatWebServer] [INFO] - Tomcat started on port(s): 8080 (http) with context path ''
  2018-12-31-13-12 [restartedMain] [com.os.manager.OnlinestoreManagerApplication] [INFO] - Started OnlinestoreManagerApplication in 4.498 seconds (JVM running for 5.346)
  2018-12-31-13-14 [http-nio-8080-exec-2] [org.springframework.web.servlet.DispatcherServlet] [INFO] - FrameworkServlet 'dispatcherServlet': initialization started
  2018-12-31-13-14 [http-nio-8080-exec-2] [org.springframework.web.servlet.DispatcherServlet] [INFO] - FrameworkServlet 'dispatcherServlet': initialization completed in 17 ms
  2018-12-31-13-16 [http-nio-8080-exec-4] [com.os.manager.aspect.LogAspect] [INFO] - com.os.manager.controller.RoleController.roleConfig|| req:{ [BaseResq(uid=1, appId=1, appKey=password@123)]}
  2018-12-31-13-16 [http-nio-8080-exec-4] [com.os.manager.serviceImpl.RoleServiceImpl] [ERROR] - 岗位配置查询失败！
  org.apache.ibatis.binding.BindingException: Invalid bound statement (not found): com.os.manager.dao.SysConfigRolesMapper.selectByExample
	at org.apache.ibatis.binding.MapperMethod$SqlCommand.<init>(MapperMethod.java:227)
	at org.apache.ibatis.binding.MapperMethod.<init>(MapperMethod.java:49)
	at org.apache.ibatis.binding.MapperProxy.cachedMapperMethod(MapperProxy.java:65)
	at org.apache.ibatis.binding.MapperProxy.invoke(MapperProxy.java:58)
	at com.sun.proxy.$Proxy80.selectByExample(Unknown Source)
	at com.os.manager.serviceImpl.RoleServiceImpl.queryAllRoles(RoleServiceImpl.java:49)
	at com.os.manager.controller.RoleController.roleConfig(RoleController.java:43)
	at com.os.manager.controller.RoleController$$FastClassBySpringCGLIB$$f60e926.invoke(<generated>)
	at org.springframework.cglib.proxy.MethodProxy.invoke(MethodProxy.java:204)
	at org.springframework.aop.framework.CglibAopProxy$CglibMethodInvocation.invokeJoinpoint(CglibAopProxy.java:746)
	at org.springframework.aop.framework.ReflectiveMethodInvocation.proceed(ReflectiveMethodInvocation.java:163)
	at org.springframework.aop.framework.adapter.MethodBeforeAdviceInterceptor.invoke(MethodBeforeAdviceInterceptor.java:56)
	at org.springframework.aop.framework.ReflectiveMethodInvocation.proceed(ReflectiveMethodInvocation.java:174)
	at org.springframework.aop.framework.adapter.AfterReturningAdviceInterceptor.invoke(AfterReturningAdviceInterceptor.java:55)
	at org.springframework.aop.framework.ReflectiveMethodInvocation.proceed(ReflectiveMethodInvocation.java:174)
	at org.springframework.aop.aspectj.AspectJAfterThrowingAdvice.invoke(AspectJAfterThrowingAdvice.java:62)
	at org.springframework.aop.framework.ReflectiveMethodInvocation.proceed(ReflectiveMethodInvocation.java:174)
	at org.springframework.aop.interceptor.ExposeInvocationInterceptor.invoke(ExposeInvocationInterceptor.java:92)
	at org.springframework.aop.framework.ReflectiveMethodInvocation.proceed(ReflectiveMethodInvocation.java:185)
	at org.springframework.aop.framework.CglibAopProxy$DynamicAdvisedInterceptor.intercept(CglibAopProxy.java:688)
	at com.os.manager.controller.RoleController$$EnhancerBySpringCGLIB$$65dfd261.roleConfig(<generated>)
	at sun.reflect.NativeMethodAccessorImpl.invoke0(Native Method)
	at sun.reflect.NativeMethodAccessorImpl.invoke(NativeMethodAccessorImpl.java:62)
	at sun.reflect.DelegatingMethodAccessorImpl.invoke(DelegatingMethodAccessorImpl.java:43)
	at java.lang.reflect.Method.invoke(Method.java:498)
	at org.springframework.web.method.support.InvocableHandlerMethod.doInvoke(InvocableHandlerMethod.java:209)
	at org.springframework.web.method.support.InvocableHandlerMethod.invokeForRequest(InvocableHandlerMethod.java:136)
	at org.springframework.web.servlet.mvc.method.annotation.ServletInvocableHandlerMethod.invokeAndHandle(ServletInvocableHandlerMethod.java:102)
	at org.springframework.web.servlet.mvc.method.annotation.RequestMappingHandlerAdapter.invokeHandlerMethod(RequestMappingHandlerAdapter.java:891)
	at org.springframework.web.servlet.mvc.method.annotation.RequestMappingHandlerAdapter.handleInternal(RequestMappingHandlerAdapter.java:797)
	at org.springframework.web.servlet.mvc.method.AbstractHandlerMethodAdapter.handle(AbstractHandlerMethodAdapter.java:87)
	at org.springframework.web.servlet.DispatcherServlet.doDispatch(DispatcherServlet.java:991)
	at org.springframework.web.servlet.DispatcherServlet.doService(DispatcherServlet.java:925)
	at org.springframework.web.servlet.FrameworkServlet.processRequest(FrameworkServlet.java:981)
	at org.springframework.web.servlet.FrameworkServlet.doPost(FrameworkServlet.java:884)
	at javax.servlet.http.HttpServlet.service(HttpServlet.java:661)
	at org.springframework.web.servlet.FrameworkServlet.service(FrameworkServlet.java:858)
	at javax.servlet.http.HttpServlet.service(HttpServlet.java:742)
	at org.apache.catalina.core.ApplicationFilterChain.internalDoFilter(ApplicationFilterChain.java:231)
	at org.apache.catalina.core.ApplicationFilterChain.doFilter(ApplicationFilterChain.java:166)
	at org.apache.tomcat.websocket.server.WsFilter.doFilter(WsFilter.java:52)
	at org.apache.catalina.core.ApplicationFilterChain.internalDoFilter(ApplicationFilterChain.java:193)
	at org.apache.catalina.core.ApplicationFilterChain.doFilter(ApplicationFilterChain.java:166)
	at org.springframework.web.filter.RequestContextFilter.doFilterInternal(RequestContextFilter.java:99)
	at org.springframework.web.filter.OncePerRequestFilter.doFilter(OncePerRequestFilter.java:107)
	at org.apache.catalina.core.ApplicationFilterChain.internalDoFilter(ApplicationFilterChain.java:193)
	at org.apache.catalina.core.ApplicationFilterChain.doFilter(ApplicationFilterChain.java:166)
	at org.springframework.web.filter.HttpPutFormContentFilter.doFilterInternal(HttpPutFormContentFilter.java:109)
	at org.springframework.web.filter.OncePerRequestFilter.doFilter(OncePerRequestFilter.java:107)
	at org.apache.catalina.core.ApplicationFilterChain.internalDoFilter(ApplicationFilterChain.java:193)
	at org.apache.catalina.core.ApplicationFilterChain.doFilter(ApplicationFilterChain.java:166)
	at org.springframework.web.filter.HiddenHttpMethodFilter.doFilterInternal(HiddenHttpMethodFilter.java:93)
	at org.springframework.web.filter.OncePerRequestFilter.doFilter(OncePerRequestFilter.java:107)
	at org.apache.catalina.core.ApplicationFilterChain.internalDoFilter(ApplicationFilterChain.java:193)
	at org.apache.catalina.core.ApplicationFilterChain.doFilter(ApplicationFilterChain.java:166)
	at org.springframework.web.filter.CharacterEncodingFilter.doFilterInternal(CharacterEncodingFilter.java:200)
	at org.springframework.web.filter.OncePerRequestFilter.doFilter(OncePerRequestFilter.java:107)
	at org.apache.catalina.core.ApplicationFilterChain.internalDoFilter(ApplicationFilterChain.java:193)
	at org.apache.catalina.core.ApplicationFilterChain.doFilter(ApplicationFilterChain.java:166)
	at org.apache.catalina.core.StandardWrapperValve.invoke(StandardWrapperValve.java:198)
	at org.apache.catalina.core.StandardContextValve.invoke(StandardContextValve.java:96)
	at org.apache.catalina.authenticator.AuthenticatorBase.invoke(AuthenticatorBase.java:493)
	at org.apache.catalina.core.StandardHostValve.invoke(StandardHostValve.java:140)
	at org.apache.catalina.valves.ErrorReportValve.invoke(ErrorReportValve.java:81)
	at org.apache.catalina.core.StandardEngineValve.invoke(StandardEngineValve.java:87)
	at org.apache.catalina.connector.CoyoteAdapter.service(CoyoteAdapter.java:342)
	at org.apache.coyote.http11.Http11Processor.service(Http11Processor.java:800)
	at org.apache.coyote.AbstractProcessorLight.process(AbstractProcessorLight.java:66)
	at org.apache.coyote.AbstractProtocol$ConnectionHandler.process(AbstractProtocol.java:806)
	at org.apache.tomcat.util.net.NioEndpoint$SocketProcessor.doRun(NioEndpoint.java:1498)
	at org.apache.tomcat.util.net.SocketProcessorBase.run(SocketProcessorBase.java:49)
	at java.util.concurrent.ThreadPoolExecutor.runWorker(ThreadPoolExecutor.java:1142)
	at java.util.concurrent.ThreadPoolExecutor$Worker.run(ThreadPoolExecutor.java:617)
	at org.apache.tomcat.util.threads.TaskThread$WrappingRunnable.run(TaskThread.java:61)
	at java.lang.Thread.run(Thread.java:748)
2018-12-31-13-16 [http-nio-8080-exec-4] [com.os.manager.aspect.LogAspect] [INFO] - com.os.manager.controller.RoleController.roleConfig|| res:{ TableDataResp(total=0, rows=null)}
  2018-12-31-13-18 [http-nio-8080-exec-8] [com.os.manager.aspect.LogAspect] [INFO] - com.os.manager.controller.RoleController.roleConfig|| req:{ [BaseResq(uid=1, appId=1, appKey=password@123)]}
  2018-12-31-13-18 [http-nio-8080-exec-8] [com.os.manager.serviceImpl.RoleServiceImpl] [ERROR] - 岗位配置查询失败！
  org.apache.ibatis.binding.BindingException: Invalid bound statement (not found): com.os.manager.dao.SysConfigRolesMapper.selectByExample
	at org.apache.ibatis.binding.MapperMethod$SqlCommand.<init>(MapperMethod.java:227)
	at org.apache.ibatis.binding.MapperMethod.<init>(MapperMethod.java:49)
	at org.apache.ibatis.binding.MapperProxy.cachedMapperMethod(MapperProxy.java:65)
	at org.apache.ibatis.binding.MapperProxy.invoke(MapperProxy.java:58)
	at com.sun.proxy.$Proxy80.selectByExample(Unknown Source)
	at com.os.manager.serviceImpl.RoleServiceImpl.queryAllRoles(RoleServiceImpl.java:49)
	at com.os.manager.controller.RoleController.roleConfig(RoleController.java:43)
	at com.os.manager.controller.RoleController$$FastClassBySpringCGLIB$$f60e926.invoke(<generated>)
	at org.springframework.cglib.proxy.MethodProxy.invoke(MethodProxy.java:204)
	at org.springframework.aop.framework.CglibAopProxy$CglibMethodInvocation.invokeJoinpoint(CglibAopProxy.java:746)
	at org.springframework.aop.framework.ReflectiveMethodInvocation.proceed(ReflectiveMethodInvocation.java:163)
	at org.springframework.aop.framework.adapter.MethodBeforeAdviceInterceptor.invoke(MethodBeforeAdviceInterceptor.java:56)
	at org.springframework.aop.framework.ReflectiveMethodInvocation.proceed(ReflectiveMethodInvocation.java:174)
	at org.springframework.aop.framework.adapter.AfterReturningAdviceInterceptor.invoke(AfterReturningAdviceInterceptor.java:55)
	at org.springframework.aop.framework.ReflectiveMethodInvocation.proceed(ReflectiveMethodInvocation.java:174)
	at org.springframework.aop.aspectj.AspectJAfterThrowingAdvice.invoke(AspectJAfterThrowingAdvice.java:62)
	at org.springframework.aop.framework.ReflectiveMethodInvocation.proceed(ReflectiveMethodInvocation.java:174)
	at org.springframework.aop.interceptor.ExposeInvocationInterceptor.invoke(ExposeInvocationInterceptor.java:92)
	at org.springframework.aop.framework.ReflectiveMethodInvocation.proceed(ReflectiveMethodInvocation.java:185)
	at org.springframework.aop.framework.CglibAopProxy$DynamicAdvisedInterceptor.intercept(CglibAopProxy.java:688)
	at com.os.manager.controller.RoleController$$EnhancerBySpringCGLIB$$65dfd261.roleConfig(<generated>)
	at sun.reflect.NativeMethodAccessorImpl.invoke0(Native Method)
	at sun.reflect.NativeMethodAccessorImpl.invoke(NativeMethodAccessorImpl.java:62)
	at sun.reflect.DelegatingMethodAccessorImpl.invoke(DelegatingMethodAccessorImpl.java:43)
	at java.lang.reflect.Method.invoke(Method.java:498)
	at org.springframework.web.method.support.InvocableHandlerMethod.doInvoke(InvocableHandlerMethod.java:209)
	at org.springframework.web.method.support.InvocableHandlerMethod.invokeForRequest(InvocableHandlerMethod.java:136)
	at org.springframework.web.servlet.mvc.method.annotation.ServletInvocableHandlerMethod.invokeAndHandle(ServletInvocableHandlerMethod.java:102)
	at org.springframework.web.servlet.mvc.method.annotation.RequestMappingHandlerAdapter.invokeHandlerMethod(RequestMappingHandlerAdapter.java:891)
	at org.springframework.web.servlet.mvc.method.annotation.RequestMappingHandlerAdapter.handleInternal(RequestMappingHandlerAdapter.java:797)
	at org.springframework.web.servlet.mvc.method.AbstractHandlerMethodAdapter.handle(AbstractHandlerMethodAdapter.java:87)
	at org.springframework.web.servlet.DispatcherServlet.doDispatch(DispatcherServlet.java:991)
	at org.springframework.web.servlet.DispatcherServlet.doService(DispatcherServlet.java:925)
	at org.springframework.web.servlet.FrameworkServlet.processRequest(FrameworkServlet.java:981)
	at org.springframework.web.servlet.FrameworkServlet.doPost(FrameworkServlet.java:884)
	at javax.servlet.http.HttpServlet.service(HttpServlet.java:661)
	at org.springframework.web.servlet.FrameworkServlet.service(FrameworkServlet.java:858)
	at javax.servlet.http.HttpServlet.service(HttpServlet.java:742)
	at org.apache.catalina.core.ApplicationFilterChain.internalDoFilter(ApplicationFilterChain.java:231)
	at org.apache.catalina.core.ApplicationFilterChain.doFilter(ApplicationFilterChain.java:166)
	at org.apache.tomcat.websocket.server.WsFilter.doFilter(WsFilter.java:52)
	at org.apache.catalina.core.ApplicationFilterChain.internalDoFilter(ApplicationFilterChain.java:193)
	at org.apache.catalina.core.ApplicationFilterChain.doFilter(ApplicationFilterChain.java:166)
	at org.springframework.web.filter.RequestContextFilter.doFilterInternal(RequestContextFilter.java:99)
	at org.springframework.web.filter.OncePerRequestFilter.doFilter(OncePerRequestFilter.java:107)
	at org.apache.catalina.core.ApplicationFilterChain.internalDoFilter(ApplicationFilterChain.java:193)
	at org.apache.catalina.core.ApplicationFilterChain.doFilter(ApplicationFilterChain.java:166)
	at org.springframework.web.filter.HttpPutFormContentFilter.doFilterInternal(HttpPutFormContentFilter.java:109)
	at org.springframework.web.filter.OncePerRequestFilter.doFilter(OncePerRequestFilter.java:107)
	at org.apache.catalina.core.ApplicationFilterChain.internalDoFilter(ApplicationFilterChain.java:193)
	at org.apache.catalina.core.ApplicationFilterChain.doFilter(ApplicationFilterChain.java:166)
	at org.springframework.web.filter.HiddenHttpMethodFilter.doFilterInternal(HiddenHttpMethodFilter.java:93)
	at org.springframework.web.filter.OncePerRequestFilter.doFilter(OncePerRequestFilter.java:107)
	at org.apache.catalina.core.ApplicationFilterChain.internalDoFilter(ApplicationFilterChain.java:193)
	at org.apache.catalina.core.ApplicationFilterChain.doFilter(ApplicationFilterChain.java:166)
	at org.springframework.web.filter.CharacterEncodingFilter.doFilterInternal(CharacterEncodingFilter.java:200)
	at org.springframework.web.filter.OncePerRequestFilter.doFilter(OncePerRequestFilter.java:107)
	at org.apache.catalina.core.ApplicationFilterChain.internalDoFilter(ApplicationFilterChain.java:193)
	at org.apache.catalina.core.ApplicationFilterChain.doFilter(ApplicationFilterChain.java:166)
	at org.apache.catalina.core.StandardWrapperValve.invoke(StandardWrapperValve.java:198)
	at org.apache.catalina.core.StandardContextValve.invoke(StandardContextValve.java:96)
	at org.apache.catalina.authenticator.AuthenticatorBase.invoke(AuthenticatorBase.java:493)
	at org.apache.catalina.core.StandardHostValve.invoke(StandardHostValve.java:140)
	at org.apache.catalina.valves.ErrorReportValve.invoke(ErrorReportValve.java:81)
	at org.apache.catalina.core.StandardEngineValve.invoke(StandardEngineValve.java:87)
	at org.apache.catalina.connector.CoyoteAdapter.service(CoyoteAdapter.java:342)
	at org.apache.coyote.http11.Http11Processor.service(Http11Processor.java:800)
	at org.apache.coyote.AbstractProcessorLight.process(AbstractProcessorLight.java:66)
	at org.apache.coyote.AbstractProtocol$ConnectionHandler.process(AbstractProtocol.java:806)
	at org.apache.tomcat.util.net.NioEndpoint$SocketProcessor.doRun(NioEndpoint.java:1498)
	at org.apache.tomcat.util.net.SocketProcessorBase.run(SocketProcessorBase.java:49)
	at java.util.concurrent.ThreadPoolExecutor.runWorker(ThreadPoolExecutor.java:1142)
	at java.util.concurrent.ThreadPoolExecutor$Worker.run(ThreadPoolExecutor.java:617)
	at org.apache.tomcat.util.threads.TaskThread$WrappingRunnable.run(TaskThread.java:61)
	at java.lang.Thread.run(Thread.java:748)
2018-12-31-13-18 [http-nio-8080-exec-8] [com.os.manager.aspect.LogAspect] [INFO] - com.os.manager.controller.RoleController.roleConfig|| res:{ TableDataResp(total=0, rows=null)}
  2018-12-31-13-18 [http-nio-8080-exec-9] [com.os.manager.aspect.LogAspect] [INFO] - com.os.manager.controller.RoleController.roleConfig|| Exception:{ null}
  2018-12-31-13-18 [http-nio-8080-exec-10] [com.os.manager.aspect.LogAspect] [INFO] - com.os.manager.controller.RoleController.roleConfig|| req:{ [BaseResq(uid=1, appId=1, appKey=password@123)]}
  2018-12-31-13-18 [http-nio-8080-exec-10] [com.os.manager.serviceImpl.RoleServiceImpl] [ERROR] - 岗位配置查询失败！
  org.apache.ibatis.binding.BindingException: Invalid bound statement (not found): com.os.manager.dao.SysConfigRolesMapper.selectByExample
	at org.apache.ibatis.binding.MapperMethod$SqlCommand.<init>(MapperMethod.java:227)
	at org.apache.ibatis.binding.MapperMethod.<init>(MapperMethod.java:49)
	at org.apache.ibatis.binding.MapperProxy.cachedMapperMethod(MapperProxy.java:65)
	at org.apache.ibatis.binding.MapperProxy.invoke(MapperProxy.java:58)
	at com.sun.proxy.$Proxy80.selectByExample(Unknown Source)
	at com.os.manager.serviceImpl.RoleServiceImpl.queryAllRoles(RoleServiceImpl.java:49)
	at com.os.manager.controller.RoleController.roleConfig(RoleController.java:43)
	at com.os.manager.controller.RoleController$$FastClassBySpringCGLIB$$f60e926.invoke(<generated>)
	at org.springframework.cglib.proxy.MethodProxy.invoke(MethodProxy.java:204)
	at org.springframework.aop.framework.CglibAopProxy$CglibMethodInvocation.invokeJoinpoint(CglibAopProxy.java:746)
	at org.springframework.aop.framework.ReflectiveMethodInvocation.proceed(ReflectiveMethodInvocation.java:163)
	at org.springframework.aop.framework.adapter.MethodBeforeAdviceInterceptor.invoke(MethodBeforeAdviceInterceptor.java:56)
	at org.springframework.aop.framework.ReflectiveMethodInvocation.proceed(ReflectiveMethodInvocation.java:174)
	at org.springframework.aop.framework.adapter.AfterReturningAdviceInterceptor.invoke(AfterReturningAdviceInterceptor.java:55)
	at org.springframework.aop.framework.ReflectiveMethodInvocation.proceed(ReflectiveMethodInvocation.java:174)
	at org.springframework.aop.aspectj.AspectJAfterThrowingAdvice.invoke(AspectJAfterThrowingAdvice.java:62)
	at org.springframework.aop.framework.ReflectiveMethodInvocation.proceed(ReflectiveMethodInvocation.java:174)
	at org.springframework.aop.interceptor.ExposeInvocationInterceptor.invoke(ExposeInvocationInterceptor.java:92)
	at org.springframework.aop.framework.ReflectiveMethodInvocation.proceed(ReflectiveMethodInvocation.java:185)
	at org.springframework.aop.framework.CglibAopProxy$DynamicAdvisedInterceptor.intercept(CglibAopProxy.java:688)
	at com.os.manager.controller.RoleController$$EnhancerBySpringCGLIB$$65dfd261.roleConfig(<generated>)
	at sun.reflect.NativeMethodAccessorImpl.invoke0(Native Method)
	at sun.reflect.NativeMethodAccessorImpl.invoke(NativeMethodAccessorImpl.java:62)
	at sun.reflect.DelegatingMethodAccessorImpl.invoke(DelegatingMethodAccessorImpl.java:43)
	at java.lang.reflect.Method.invoke(Method.java:498)
	at org.springframework.web.method.support.InvocableHandlerMethod.doInvoke(InvocableHandlerMethod.java:209)
	at org.springframework.web.method.support.InvocableHandlerMethod.invokeForRequest(InvocableHandlerMethod.java:136)
	at org.springframework.web.servlet.mvc.method.annotation.ServletInvocableHandlerMethod.invokeAndHandle(ServletInvocableHandlerMethod.java:102)
	at org.springframework.web.servlet.mvc.method.annotation.RequestMappingHandlerAdapter.invokeHandlerMethod(RequestMappingHandlerAdapter.java:891)
	at org.springframework.web.servlet.mvc.method.annotation.RequestMappingHandlerAdapter.handleInternal(RequestMappingHandlerAdapter.java:797)
	at org.springframework.web.servlet.mvc.method.AbstractHandlerMethodAdapter.handle(AbstractHandlerMethodAdapter.java:87)
	at org.springframework.web.servlet.DispatcherServlet.doDispatch(DispatcherServlet.java:991)
	at org.springframework.web.servlet.DispatcherServlet.doService(DispatcherServlet.java:925)
	at org.springframework.web.servlet.FrameworkServlet.processRequest(FrameworkServlet.java:981)
	at org.springframework.web.servlet.FrameworkServlet.doPost(FrameworkServlet.java:884)
	at javax.servlet.http.HttpServlet.service(HttpServlet.java:661)
	at org.springframework.web.servlet.FrameworkServlet.service(FrameworkServlet.java:858)
	at javax.servlet.http.HttpServlet.service(HttpServlet.java:742)
	at org.apache.catalina.core.ApplicationFilterChain.internalDoFilter(ApplicationFilterChain.java:231)
	at org.apache.catalina.core.ApplicationFilterChain.doFilter(ApplicationFilterChain.java:166)
	at org.apache.tomcat.websocket.server.WsFilter.doFilter(WsFilter.java:52)
	at org.apache.catalina.core.ApplicationFilterChain.internalDoFilter(ApplicationFilterChain.java:193)
	at org.apache.catalina.core.ApplicationFilterChain.doFilter(ApplicationFilterChain.java:166)
	at org.springframework.web.filter.RequestContextFilter.doFilterInternal(RequestContextFilter.java:99)
	at org.springframework.web.filter.OncePerRequestFilter.doFilter(OncePerRequestFilter.java:107)
	at org.apache.catalina.core.ApplicationFilterChain.internalDoFilter(ApplicationFilterChain.java:193)
	at org.apache.catalina.core.ApplicationFilterChain.doFilter(ApplicationFilterChain.java:166)
	at org.springframework.web.filter.HttpPutFormContentFilter.doFilterInternal(HttpPutFormContentFilter.java:109)
	at org.springframework.web.filter.OncePerRequestFilter.doFilter(OncePerRequestFilter.java:107)
	at org.apache.catalina.core.ApplicationFilterChain.internalDoFilter(ApplicationFilterChain.java:193)
	at org.apache.catalina.core.ApplicationFilterChain.doFilter(ApplicationFilterChain.java:166)
	at org.springframework.web.filter.HiddenHttpMethodFilter.doFilterInternal(HiddenHttpMethodFilter.java:93)
	at org.springframework.web.filter.OncePerRequestFilter.doFilter(OncePerRequestFilter.java:107)
	at org.apache.catalina.core.ApplicationFilterChain.internalDoFilter(ApplicationFilterChain.java:193)
	at org.apache.catalina.core.ApplicationFilterChain.doFilter(ApplicationFilterChain.java:166)
	at org.springframework.web.filter.CharacterEncodingFilter.doFilterInternal(CharacterEncodingFilter.java:200)
	at org.springframework.web.filter.OncePerRequestFilter.doFilter(OncePerRequestFilter.java:107)
	at org.apache.catalina.core.ApplicationFilterChain.internalDoFilter(ApplicationFilterChain.java:193)
	at org.apache.catalina.core.ApplicationFilterChain.doFilter(ApplicationFilterChain.java:166)
	at org.apache.catalina.core.StandardWrapperValve.invoke(StandardWrapperValve.java:198)
	at org.apache.catalina.core.StandardContextValve.invoke(StandardContextValve.java:96)
	at org.apache.catalina.authenticator.AuthenticatorBase.invoke(AuthenticatorBase.java:493)
	at org.apache.catalina.core.StandardHostValve.invoke(StandardHostValve.java:140)
	at org.apache.catalina.valves.ErrorReportValve.invoke(ErrorReportValve.java:81)
	at org.apache.catalina.core.StandardEngineValve.invoke(StandardEngineValve.java:87)
	at org.apache.catalina.connector.CoyoteAdapter.service(CoyoteAdapter.java:342)
	at org.apache.coyote.http11.Http11Processor.service(Http11Processor.java:800)
	at org.apache.coyote.AbstractProcessorLight.process(AbstractProcessorLight.java:66)
	at org.apache.coyote.AbstractProtocol$ConnectionHandler.process(AbstractProtocol.java:806)
	at org.apache.tomcat.util.net.NioEndpoint$SocketProcessor.doRun(NioEndpoint.java:1498)
	at org.apache.tomcat.util.net.SocketProcessorBase.run(SocketProcessorBase.java:49)
	at java.util.concurrent.ThreadPoolExecutor.runWorker(ThreadPoolExecutor.java:1142)
	at java.util.concurrent.ThreadPoolExecutor$Worker.run(ThreadPoolExecutor.java:617)
	at org.apache.tomcat.util.threads.TaskThread$WrappingRunnable.run(TaskThread.java:61)
	at java.lang.Thread.run(Thread.java:748)
2018-12-31-13-18 [http-nio-8080-exec-10] [com.os.manager.aspect.LogAspect] [INFO] - com.os.manager.controller.RoleController.roleConfig|| res:{ TableDataResp(total=0, rows=null)}
  2018-12-31-13-18 [http-nio-8080-exec-1] [com.os.manager.aspect.LogAspect] [INFO] - com.os.manager.controller.RoleController.roleConfig|| req:{ [BaseResq(uid=1, appId=1, appKey=password@123)]}
  2018-12-31-13-18 [http-nio-8080-exec-1] [com.os.manager.serviceImpl.RoleServiceImpl] [ERROR] - 岗位配置查询失败！
  org.apache.ibatis.binding.BindingException: Invalid bound statement (not found): com.os.manager.dao.SysConfigRolesMapper.selectByExample
	at org.apache.ibatis.binding.MapperMethod$SqlCommand.<init>(MapperMethod.java:227)
	at org.apache.ibatis.binding.MapperMethod.<init>(MapperMethod.java:49)
	at org.apache.ibatis.binding.MapperProxy.cachedMapperMethod(MapperProxy.java:65)
	at org.apache.ibatis.binding.MapperProxy.invoke(MapperProxy.java:58)
	at com.sun.proxy.$Proxy80.selectByExample(Unknown Source)
	at com.os.manager.serviceImpl.RoleServiceImpl.queryAllRoles(RoleServiceImpl.java:49)
	at com.os.manager.controller.RoleController.roleConfig(RoleController.java:43)
	at com.os.manager.controller.RoleController$$FastClassBySpringCGLIB$$f60e926.invoke(<generated>)
	at org.springframework.cglib.proxy.MethodProxy.invoke(MethodProxy.java:204)
	at org.springframework.aop.framework.CglibAopProxy$CglibMethodInvocation.invokeJoinpoint(CglibAopProxy.java:746)
	at org.springframework.aop.framework.ReflectiveMethodInvocation.proceed(ReflectiveMethodInvocation.java:163)
	at org.springframework.aop.framework.adapter.MethodBeforeAdviceInterceptor.invoke(MethodBeforeAdviceInterceptor.java:56)
	at org.springframework.aop.framework.ReflectiveMethodInvocation.proceed(ReflectiveMethodInvocation.java:174)
	at org.springframework.aop.framework.adapter.AfterReturningAdviceInterceptor.invoke(AfterReturningAdviceInterceptor.java:55)
	at org.springframework.aop.framework.ReflectiveMethodInvocation.proceed(ReflectiveMethodInvocation.java:174)
	at org.springframework.aop.aspectj.AspectJAfterThrowingAdvice.invoke(AspectJAfterThrowingAdvice.java:62)
	at org.springframework.aop.framework.ReflectiveMethodInvocation.proceed(ReflectiveMethodInvocation.java:174)
	at org.springframework.aop.interceptor.ExposeInvocationInterceptor.invoke(ExposeInvocationInterceptor.java:92)
	at org.springframework.aop.framework.ReflectiveMethodInvocation.proceed(ReflectiveMethodInvocation.java:185)
	at org.springframework.aop.framework.CglibAopProxy$DynamicAdvisedInterceptor.intercept(CglibAopProxy.java:688)
	at com.os.manager.controller.RoleController$$EnhancerBySpringCGLIB$$65dfd261.roleConfig(<generated>)
	at sun.reflect.NativeMethodAccessorImpl.invoke0(Native Method)
	at sun.reflect.NativeMethodAccessorImpl.invoke(NativeMethodAccessorImpl.java:62)
	at sun.reflect.DelegatingMethodAccessorImpl.invoke(DelegatingMethodAccessorImpl.java:43)
	at java.lang.reflect.Method.invoke(Method.java:498)
	at org.springframework.web.method.support.InvocableHandlerMethod.doInvoke(InvocableHandlerMethod.java:209)
	at org.springframework.web.method.support.InvocableHandlerMethod.invokeForRequest(InvocableHandlerMethod.java:136)
	at org.springframework.web.servlet.mvc.method.annotation.ServletInvocableHandlerMethod.invokeAndHandle(ServletInvocableHandlerMethod.java:102)
	at org.springframework.web.servlet.mvc.method.annotation.RequestMappingHandlerAdapter.invokeHandlerMethod(RequestMappingHandlerAdapter.java:891)
	at org.springframework.web.servlet.mvc.method.annotation.RequestMappingHandlerAdapter.handleInternal(RequestMappingHandlerAdapter.java:797)
	at org.springframework.web.servlet.mvc.method.AbstractHandlerMethodAdapter.handle(AbstractHandlerMethodAdapter.java:87)
	at org.springframework.web.servlet.DispatcherServlet.doDispatch(DispatcherServlet.java:991)
	at org.springframework.web.servlet.DispatcherServlet.doService(DispatcherServlet.java:925)
	at org.springframework.web.servlet.FrameworkServlet.processRequest(FrameworkServlet.java:981)
	at org.springframework.web.servlet.FrameworkServlet.doPost(FrameworkServlet.java:884)
	at javax.servlet.http.HttpServlet.service(HttpServlet.java:661)
	at org.springframework.web.servlet.FrameworkServlet.service(FrameworkServlet.java:858)
	at javax.servlet.http.HttpServlet.service(HttpServlet.java:742)
	at org.apache.catalina.core.ApplicationFilterChain.internalDoFilter(ApplicationFilterChain.java:231)
	at org.apache.catalina.core.ApplicationFilterChain.doFilter(ApplicationFilterChain.java:166)
	at org.apache.tomcat.websocket.server.WsFilter.doFilter(WsFilter.java:52)
	at org.apache.catalina.core.ApplicationFilterChain.internalDoFilter(ApplicationFilterChain.java:193)
	at org.apache.catalina.core.ApplicationFilterChain.doFilter(ApplicationFilterChain.java:166)
	at org.springframework.web.filter.RequestContextFilter.doFilterInternal(RequestContextFilter.java:99)
	at org.springframework.web.filter.OncePerRequestFilter.doFilter(OncePerRequestFilter.java:107)
	at org.apache.catalina.core.ApplicationFilterChain.internalDoFilter(ApplicationFilterChain.java:193)
	at org.apache.catalina.core.ApplicationFilterChain.doFilter(ApplicationFilterChain.java:166)
	at org.springframework.web.filter.HttpPutFormContentFilter.doFilterInternal(HttpPutFormContentFilter.java:109)
	at org.springframework.web.filter.OncePerRequestFilter.doFilter(OncePerRequestFilter.java:107)
	at org.apache.catalina.core.ApplicationFilterChain.internalDoFilter(ApplicationFilterChain.java:193)
	at org.apache.catalina.core.ApplicationFilterChain.doFilter(ApplicationFilterChain.java:166)
	at org.springframework.web.filter.HiddenHttpMethodFilter.doFilterInternal(HiddenHttpMethodFilter.java:93)
	at org.springframework.web.filter.OncePerRequestFilter.doFilter(OncePerRequestFilter.java:107)
	at org.apache.catalina.core.ApplicationFilterChain.internalDoFilter(ApplicationFilterChain.java:193)
	at org.apache.catalina.core.ApplicationFilterChain.doFilter(ApplicationFilterChain.java:166)
	at org.springframework.web.filter.CharacterEncodingFilter.doFilterInternal(CharacterEncodingFilter.java:200)
	at org.springframework.web.filter.OncePerRequestFilter.doFilter(OncePerRequestFilter.java:107)
	at org.apache.catalina.core.ApplicationFilterChain.internalDoFilter(ApplicationFilterChain.java:193)
	at org.apache.catalina.core.ApplicationFilterChain.doFilter(ApplicationFilterChain.java:166)
	at org.apache.catalina.core.StandardWrapperValve.invoke(StandardWrapperValve.java:198)
	at org.apache.catalina.core.StandardContextValve.invoke(StandardContextValve.java:96)
	at org.apache.catalina.authenticator.AuthenticatorBase.invoke(AuthenticatorBase.java:493)
	at org.apache.catalina.core.StandardHostValve.invoke(StandardHostValve.java:140)
	at org.apache.catalina.valves.ErrorReportValve.invoke(ErrorReportValve.java:81)
	at org.apache.catalina.core.StandardEngineValve.invoke(StandardEngineValve.java:87)
	at org.apache.catalina.connector.CoyoteAdapter.service(CoyoteAdapter.java:342)
	at org.apache.coyote.http11.Http11Processor.service(Http11Processor.java:800)
	at org.apache.coyote.AbstractProcessorLight.process(AbstractProcessorLight.java:66)
	at org.apache.coyote.AbstractProtocol$ConnectionHandler.process(AbstractProtocol.java:806)
	at org.apache.tomcat.util.net.NioEndpoint$SocketProcessor.doRun(NioEndpoint.java:1498)
	at org.apache.tomcat.util.net.SocketProcessorBase.run(SocketProcessorBase.java:49)
	at java.util.concurrent.ThreadPoolExecutor.runWorker(ThreadPoolExecutor.java:1142)
	at java.util.concurrent.ThreadPoolExecutor$Worker.run(ThreadPoolExecutor.java:617)
	at org.apache.tomcat.util.threads.TaskThread$WrappingRunnable.run(TaskThread.java:61)
	at java.lang.Thread.run(Thread.java:748)
2018-12-31-13-18 [http-nio-8080-exec-1] [com.os.manager.aspect.LogAspect] [INFO] - com.os.manager.controller.RoleController.roleConfig|| res:{ TableDataResp(total=0, rows=null)}
  2018-12-31-13-19 [Thread-6] [org.springframework.boot.web.servlet.context.AnnotationConfigServletWebServerApplicationContext] [INFO] - Closing org.springframework.boot.web.servlet.context.AnnotationConfigServletWebServerApplicationContext@400b856d: startup date [Mon Dec 31 13:12:33 CST 2018]; root of context hierarchy
  2018-12-31-13-19 [Thread-6] [org.springframework.context.support.DefaultLifecycleProcessor] [INFO] - Stopping beans in phase 2147483647
  2018-12-31-13-19 [Thread-6] [org.quartz.core.QuartzScheduler] [INFO] - Scheduler quartzScheduler_$_NON_CLUSTERED paused.
  2018-12-31-13-19 [Thread-6] [org.springframework.scheduling.quartz.SchedulerFactoryBean] [INFO] - Shutting down Quartz Scheduler
  2018-12-31-13-19 [Thread-6] [org.quartz.core.QuartzScheduler] [INFO] - Scheduler quartzScheduler_$_NON_CLUSTERED shutting down.
  2018-12-31-13-19 [Thread-6] [org.quartz.core.QuartzScheduler] [INFO] - Scheduler quartzScheduler_$_NON_CLUSTERED paused.
  2018-12-31-13-19 [Thread-6] [org.quartz.core.QuartzScheduler] [INFO] - Scheduler quartzScheduler_$_NON_CLUSTERED shutdown complete.
  2018-12-31-13-19 [Thread-6] [org.springframework.jmx.export.annotation.AnnotationMBeanExporter] [INFO] - Unregistering JMX-exposed beans on shutdown
  2018-12-31-13-19 [Thread-6] [org.springframework.jmx.export.annotation.AnnotationMBeanExporter] [INFO] - Unregistering JMX-exposed beans
  2018-12-31-13-19 [Thread-6] [com.zaxxer.hikari.HikariDataSource] [INFO] - HikariPool-1 - Shutdown initiated...
  2018-12-31-13-19 [Thread-6] [com.zaxxer.hikari.HikariDataSource] [INFO] - HikariPool-1 - Shutdown completed.
  2018-12-31-13-19 [restartedMain] [com.os.manager.OnlinestoreManagerApplication] [INFO] - Starting OnlinestoreManagerApplication on UVQ7T8K4LW8R4HV with PID 10944 (D:\workspace\onlinestore_manager\target\classes started by Administrator in D:\workspace\onlinestore_manager)
  2018-12-31-13-19 [restartedMain] [com.os.manager.OnlinestoreManagerApplication] [INFO] - No active profile set, falling back to default profiles: default
  2018-12-31-13-19 [restartedMain] [org.springframework.boot.web.servlet.context.AnnotationConfigServletWebServerApplicationContext] [INFO] - Refreshing org.springframework.boot.web.servlet.context.AnnotationConfigServletWebServerApplicationContext@5af2df9e: startup date [Mon Dec 31 13:19:28 CST 2018]; root of context hierarchy
  2018-12-31-13-19 [restartedMain] [org.springframework.data.repository.config.RepositoryConfigurationDelegate] [INFO] - Multiple Spring Data modules found, entering strict repository configuration mode!
  2018-12-31-13-19 [restartedMain] [org.springframework.context.support.PostProcessorRegistrationDelegate$BeanPostProcessorChecker] [INFO] - Bean 'org.springframework.transaction.annotation.ProxyTransactionManagementConfiguration' of type [org.springframework.transaction.annotation.ProxyTransactionManagementConfiguration$$EnhancerBySpringCGLIB$$4abc6bd8] is not eligible for getting processed by all BeanPostProcessors (for example: not eligible for auto-proxying)
  2018-12-31-13-19 [restartedMain] [org.springframework.boot.web.embedded.tomcat.TomcatWebServer] [INFO] - Tomcat initialized with port(s): 8080 (http)
  2018-12-31-13-19 [localhost-startStop-1] [org.springframework.web.context.ContextLoader] [INFO] - Root WebApplicationContext: initialization completed in 310 ms
  2018-12-31-13-19 [localhost-startStop-1] [org.springframework.boot.web.servlet.ServletRegistrationBean] [INFO] - Servlet dispatcherServlet mapped to [/]
  2018-12-31-13-19 [localhost-startStop-1] [org.springframework.boot.web.servlet.FilterRegistrationBean] [INFO] - Mapping filter: 'characterEncodingFilter' to: [/*]
  2018-12-31-13-19 [localhost-startStop-1] [org.springframework.boot.web.servlet.FilterRegistrationBean] [INFO] - Mapping filter: 'hiddenHttpMethodFilter' to: [/*]
  2018-12-31-13-19 [localhost-startStop-1] [org.springframework.boot.web.servlet.FilterRegistrationBean] [INFO] - Mapping filter: 'httpPutFormContentFilter' to: [/*]
  2018-12-31-13-19 [localhost-startStop-1] [org.springframework.boot.web.servlet.FilterRegistrationBean] [INFO] - Mapping filter: 'requestContextFilter' to: [/*]
  2018-12-31-13-19 [restartedMain] [org.springframework.web.servlet.handler.SimpleUrlHandlerMapping] [INFO] - Mapped URL path [/**/favicon.ico] onto handler of type [class org.springframework.web.servlet.resource.ResourceHttpRequestHandler]
  2018-12-31-13-19 [restartedMain] [org.springframework.web.servlet.mvc.method.annotation.RequestMappingHandlerAdapter] [INFO] - Looking for @ControllerAdvice: org.springframework.boot.web.servlet.context.AnnotationConfigServletWebServerApplicationContext@5af2df9e: startup date [Mon Dec 31 13:19:28 CST 2018]; root of context hierarchy
  2018-12-31-13-19 [restartedMain] [org.springframework.web.servlet.mvc.method.annotation.RequestMappingHandlerMapping] [INFO] - Mapped "{[/system/role/conifg]}" onto public com.os.manager.response.TableDataResp com.os.manager.controller.RoleController.roleConfig(com.os.manager.request.base.BaseResq,org.springframework.validation.BindingResult)
  2018-12-31-13-19 [restartedMain] [org.springframework.web.servlet.mvc.method.annotation.RequestMappingHandlerMapping] [INFO] - Mapped "{[/test/test]}" onto public com.os.manager.response.TestResp com.os.manager.controller.TestController.test()
  2018-12-31-13-19 [restartedMain] [org.springframework.web.servlet.mvc.method.annotation.RequestMappingHandlerMapping] [INFO] - Mapped "{[/error]}" onto public org.springframework.http.ResponseEntity<java.util.Map<java.lang.String, java.lang.Object>> org.springframework.boot.autoconfigure.web.servlet.error.BasicErrorController.error(javax.servlet.http.HttpServletRequest)
  2018-12-31-13-19 [restartedMain] [org.springframework.web.servlet.mvc.method.annotation.RequestMappingHandlerMapping] [INFO] - Mapped "{[/error],produces=[text/html]}" onto public org.springframework.web.servlet.ModelAndView org.springframework.boot.autoconfigure.web.servlet.error.BasicErrorController.errorHtml(javax.servlet.http.HttpServletRequest,javax.servlet.http.HttpServletResponse)
  2018-12-31-13-19 [restartedMain] [org.springframework.web.servlet.handler.SimpleUrlHandlerMapping] [INFO] - Mapped URL path [/webjars/**] onto handler of type [class org.springframework.web.servlet.resource.ResourceHttpRequestHandler]
  2018-12-31-13-19 [restartedMain] [org.springframework.web.servlet.handler.SimpleUrlHandlerMapping] [INFO] - Mapped URL path [/**] onto handler of type [class org.springframework.web.servlet.resource.ResourceHttpRequestHandler]
  2018-12-31-13-19 [restartedMain] [com.zaxxer.hikari.HikariDataSource] [INFO] - HikariPool-2 - Starting...
  2018-12-31-13-19 [restartedMain] [com.zaxxer.hikari.HikariDataSource] [INFO] - HikariPool-2 - Start completed.
  2018-12-31-13-19 [restartedMain] [org.quartz.impl.StdSchedulerFactory] [INFO] - Using default implementation for ThreadExecutor
  2018-12-31-13-19 [restartedMain] [org.quartz.core.SchedulerSignalerImpl] [INFO] - Initialized Scheduler Signaller of type: class org.quartz.core.SchedulerSignalerImpl
  2018-12-31-13-19 [restartedMain] [org.quartz.core.QuartzScheduler] [INFO] - Quartz Scheduler v.2.3.0 created.
  2018-12-31-13-19 [restartedMain] [org.quartz.simpl.RAMJobStore] [INFO] - RAMJobStore initialized.
  2018-12-31-13-19 [restartedMain] [org.quartz.core.QuartzScheduler] [INFO] - Scheduler meta-data: Quartz Scheduler (v2.3.0) 'quartzScheduler' with instanceId 'NON_CLUSTERED'
  Scheduler class: 'org.quartz.core.QuartzScheduler' - running locally.
  NOT STARTED.
  Currently in standby mode.
  Number of jobs executed: 0
  Using thread pool 'org.quartz.simpl.SimpleThreadPool' - with 10 threads.
  Using job-store 'org.quartz.simpl.RAMJobStore' - which does not support persistence. and is not clustered.

  2018-12-31-13-19 [restartedMain] [org.quartz.impl.StdSchedulerFactory] [INFO] - Quartz scheduler 'quartzScheduler' initialized from an externally provided properties instance.
  2018-12-31-13-19 [restartedMain] [org.quartz.impl.StdSchedulerFactory] [INFO] - Quartz scheduler version: 2.3.0
  2018-12-31-13-19 [restartedMain] [org.quartz.core.QuartzScheduler] [INFO] - JobFactory set to: org.springframework.boot.autoconfigure.quartz.AutowireCapableBeanJobFactory@5c3719dd
  2018-12-31-13-19 [restartedMain] [org.springframework.boot.devtools.autoconfigure.OptionalLiveReloadServer] [INFO] - LiveReload server is running on port 35729
  2018-12-31-13-19 [restartedMain] [org.springframework.jmx.export.annotation.AnnotationMBeanExporter] [INFO] - Registering beans for JMX exposure on startup
  2018-12-31-13-19 [restartedMain] [org.springframework.jmx.export.annotation.AnnotationMBeanExporter] [INFO] - Bean with name 'dataSource' has been autodetected for JMX exposure
  2018-12-31-13-19 [restartedMain] [org.springframework.jmx.export.annotation.AnnotationMBeanExporter] [INFO] - Located MBean 'dataSource': registering with JMX server as MBean [com.zaxxer.hikari:name=dataSource,type=HikariDataSource]
  2018-12-31-13-19 [restartedMain] [org.springframework.context.support.DefaultLifecycleProcessor] [INFO] - Starting beans in phase 2147483647
  2018-12-31-13-19 [restartedMain] [org.springframework.scheduling.quartz.SchedulerFactoryBean] [INFO] - Starting Quartz Scheduler now
  2018-12-31-13-19 [restartedMain] [org.quartz.core.QuartzScheduler] [INFO] - Scheduler quartzScheduler_$_NON_CLUSTERED started.
  2018-12-31-13-19 [restartedMain] [org.springframework.boot.web.embedded.tomcat.TomcatWebServer] [INFO] - Tomcat started on port(s): 8080 (http) with context path ''
  2018-12-31-13-19 [restartedMain] [com.os.manager.OnlinestoreManagerApplication] [INFO] - Started OnlinestoreManagerApplication in 0.81 seconds (JVM running for 417.179)
  2018-12-31-13-19 [restartedMain] [org.springframework.boot.devtools.autoconfigure.ConditionEvaluationDeltaLoggingListener] [INFO] - Condition evaluation unchanged
  2018-12-31-13-29 [RMI TCP Connection(2)-127.0.0.1] [org.springframework.boot.admin.SpringApplicationAdminMXBeanRegistrar$SpringApplicationAdmin] [INFO] - Application shutdown requested.
  2018-12-31-13-29 [RMI TCP Connection(2)-127.0.0.1] [org.springframework.boot.web.servlet.context.AnnotationConfigServletWebServerApplicationContext] [INFO] - Closing org.springframework.boot.web.servlet.context.AnnotationConfigServletWebServerApplicationContext@5af2df9e: startup date [Mon Dec 31 13:19:28 CST 2018]; root of context hierarchy
  2018-12-31-13-29 [RMI TCP Connection(2)-127.0.0.1] [org.springframework.context.support.DefaultLifecycleProcessor] [INFO] - Stopping beans in phase 2147483647
  2018-12-31-13-29 [RMI TCP Connection(2)-127.0.0.1] [org.quartz.core.QuartzScheduler] [INFO] - Scheduler quartzScheduler_$_NON_CLUSTERED paused.
  2018-12-31-13-29 [RMI TCP Connection(2)-127.0.0.1] [org.springframework.scheduling.quartz.SchedulerFactoryBean] [INFO] - Shutting down Quartz Scheduler
  2018-12-31-13-29 [RMI TCP Connection(2)-127.0.0.1] [org.quartz.core.QuartzScheduler] [INFO] - Scheduler quartzScheduler_$_NON_CLUSTERED shutting down.
  2018-12-31-13-29 [RMI TCP Connection(2)-127.0.0.1] [org.quartz.core.QuartzScheduler] [INFO] - Scheduler quartzScheduler_$_NON_CLUSTERED paused.
  2018-12-31-13-29 [RMI TCP Connection(2)-127.0.0.1] [org.quartz.core.QuartzScheduler] [INFO] - Scheduler quartzScheduler_$_NON_CLUSTERED shutdown complete.
  2018-12-31-13-29 [RMI TCP Connection(2)-127.0.0.1] [org.springframework.jmx.export.annotation.AnnotationMBeanExporter] [INFO] - Unregistering JMX-exposed beans on shutdown
  2018-12-31-13-29 [RMI TCP Connection(2)-127.0.0.1] [org.springframework.jmx.export.annotation.AnnotationMBeanExporter] [INFO] - Unregistering JMX-exposed beans
  2018-12-31-13-29 [RMI TCP Connection(2)-127.0.0.1] [com.zaxxer.hikari.HikariDataSource] [INFO] - HikariPool-2 - Shutdown initiated...
  2018-12-31-13-29 [RMI TCP Connection(2)-127.0.0.1] [com.zaxxer.hikari.HikariDataSource] [INFO] - HikariPool-2 - Shutdown completed.
  2018-12-31-13-30 [background-preinit] [org.hibernate.validator.internal.util.Version] [INFO] - HV000001: Hibernate Validator 6.0.13.Final
  2018-12-31-13-30 [restartedMain] [com.os.manager.OnlinestoreManagerApplication] [INFO] - Starting OnlinestoreManagerApplication on UVQ7T8K4LW8R4HV with PID 12432 (D:\workspace\onlinestore_manager\target\classes started by Administrator in D:\workspace\onlinestore_manager)
  2018-12-31-13-30 [restartedMain] [com.os.manager.OnlinestoreManagerApplication] [INFO] - No active profile set, falling back to default profiles: default
  2018-12-31-13-30 [restartedMain] [org.springframework.boot.web.servlet.context.AnnotationConfigServletWebServerApplicationContext] [INFO] - Refreshing org.springframework.boot.web.servlet.context.AnnotationConfigServletWebServerApplicationContext@242881b3: startup date [Mon Dec 31 13:30:04 CST 2018]; root of context hierarchy
  2018-12-31-13-30 [restartedMain] [org.springframework.data.repository.config.RepositoryConfigurationDelegate] [INFO] - Multiple Spring Data modules found, entering strict repository configuration mode!
  2018-12-31-13-30 [restartedMain] [org.springframework.context.support.PostProcessorRegistrationDelegate$BeanPostProcessorChecker] [INFO] - Bean 'org.springframework.transaction.annotation.ProxyTransactionManagementConfiguration' of type [org.springframework.transaction.annotation.ProxyTransactionManagementConfiguration$$EnhancerBySpringCGLIB$$3851109b] is not eligible for getting processed by all BeanPostProcessors (for example: not eligible for auto-proxying)
  2018-12-31-13-30 [restartedMain] [org.springframework.boot.web.embedded.tomcat.TomcatWebServer] [INFO] - Tomcat initialized with port(s): 8080 (http)
  2018-12-31-13-30 [localhost-startStop-1] [org.springframework.web.context.ContextLoader] [INFO] - Root WebApplicationContext: initialization completed in 1256 ms
  2018-12-31-13-30 [localhost-startStop-1] [org.springframework.boot.web.servlet.ServletRegistrationBean] [INFO] - Servlet dispatcherServlet mapped to [/]
  2018-12-31-13-30 [localhost-startStop-1] [org.springframework.boot.web.servlet.FilterRegistrationBean] [INFO] - Mapping filter: 'characterEncodingFilter' to: [/*]
  2018-12-31-13-30 [localhost-startStop-1] [org.springframework.boot.web.servlet.FilterRegistrationBean] [INFO] - Mapping filter: 'hiddenHttpMethodFilter' to: [/*]
  2018-12-31-13-30 [localhost-startStop-1] [org.springframework.boot.web.servlet.FilterRegistrationBean] [INFO] - Mapping filter: 'httpPutFormContentFilter' to: [/*]
  2018-12-31-13-30 [localhost-startStop-1] [org.springframework.boot.web.servlet.FilterRegistrationBean] [INFO] - Mapping filter: 'requestContextFilter' to: [/*]
  2018-12-31-13-30 [restartedMain] [org.springframework.web.servlet.handler.SimpleUrlHandlerMapping] [INFO] - Mapped URL path [/**/favicon.ico] onto handler of type [class org.springframework.web.servlet.resource.ResourceHttpRequestHandler]
  2018-12-31-13-30 [restartedMain] [org.springframework.web.servlet.mvc.method.annotation.RequestMappingHandlerAdapter] [INFO] - Looking for @ControllerAdvice: org.springframework.boot.web.servlet.context.AnnotationConfigServletWebServerApplicationContext@242881b3: startup date [Mon Dec 31 13:30:04 CST 2018]; root of context hierarchy
  2018-12-31-13-30 [restartedMain] [org.springframework.web.servlet.mvc.method.annotation.RequestMappingHandlerMapping] [INFO] - Mapped "{[/system/role/conifg]}" onto public com.os.manager.response.TableDataResp com.os.manager.controller.RoleController.roleConfig(com.os.manager.request.base.BaseResq,org.springframework.validation.BindingResult)
  2018-12-31-13-30 [restartedMain] [org.springframework.web.servlet.mvc.method.annotation.RequestMappingHandlerMapping] [INFO] - Mapped "{[/test/test]}" onto public com.os.manager.response.TestResp com.os.manager.controller.TestController.test()
  2018-12-31-13-30 [restartedMain] [org.springframework.web.servlet.mvc.method.annotation.RequestMappingHandlerMapping] [INFO] - Mapped "{[/error]}" onto public org.springframework.http.ResponseEntity<java.util.Map<java.lang.String, java.lang.Object>> org.springframework.boot.autoconfigure.web.servlet.error.BasicErrorController.error(javax.servlet.http.HttpServletRequest)
  2018-12-31-13-30 [restartedMain] [org.springframework.web.servlet.mvc.method.annotation.RequestMappingHandlerMapping] [INFO] - Mapped "{[/error],produces=[text/html]}" onto public org.springframework.web.servlet.ModelAndView org.springframework.boot.autoconfigure.web.servlet.error.BasicErrorController.errorHtml(javax.servlet.http.HttpServletRequest,javax.servlet.http.HttpServletResponse)
  2018-12-31-13-30 [restartedMain] [org.springframework.web.servlet.handler.SimpleUrlHandlerMapping] [INFO] - Mapped URL path [/webjars/**] onto handler of type [class org.springframework.web.servlet.resource.ResourceHttpRequestHandler]
  2018-12-31-13-30 [restartedMain] [org.springframework.web.servlet.handler.SimpleUrlHandlerMapping] [INFO] - Mapped URL path [/**] onto handler of type [class org.springframework.web.servlet.resource.ResourceHttpRequestHandler]
  2018-12-31-13-30 [restartedMain] [com.zaxxer.hikari.HikariDataSource] [INFO] - HikariPool-1 - Starting...
  2018-12-31-13-30 [restartedMain] [com.zaxxer.hikari.HikariDataSource] [INFO] - HikariPool-1 - Start completed.
  2018-12-31-13-30 [restartedMain] [org.quartz.impl.StdSchedulerFactory] [INFO] - Using default implementation for ThreadExecutor
  2018-12-31-13-30 [restartedMain] [org.quartz.core.SchedulerSignalerImpl] [INFO] - Initialized Scheduler Signaller of type: class org.quartz.core.SchedulerSignalerImpl
  2018-12-31-13-30 [restartedMain] [org.quartz.core.QuartzScheduler] [INFO] - Quartz Scheduler v.2.3.0 created.
  2018-12-31-13-30 [restartedMain] [org.quartz.simpl.RAMJobStore] [INFO] - RAMJobStore initialized.
  2018-12-31-13-30 [restartedMain] [org.quartz.core.QuartzScheduler] [INFO] - Scheduler meta-data: Quartz Scheduler (v2.3.0) 'quartzScheduler' with instanceId 'NON_CLUSTERED'
  Scheduler class: 'org.quartz.core.QuartzScheduler' - running locally.
  NOT STARTED.
  Currently in standby mode.
  Number of jobs executed: 0
  Using thread pool 'org.quartz.simpl.SimpleThreadPool' - with 10 threads.
  Using job-store 'org.quartz.simpl.RAMJobStore' - which does not support persistence. and is not clustered.

  2018-12-31-13-30 [restartedMain] [org.quartz.impl.StdSchedulerFactory] [INFO] - Quartz scheduler 'quartzScheduler' initialized from an externally provided properties instance.
  2018-12-31-13-30 [restartedMain] [org.quartz.impl.StdSchedulerFactory] [INFO] - Quartz scheduler version: 2.3.0
  2018-12-31-13-30 [restartedMain] [org.quartz.core.QuartzScheduler] [INFO] - JobFactory set to: org.springframework.boot.autoconfigure.quartz.AutowireCapableBeanJobFactory@428c489b
  2018-12-31-13-30 [restartedMain] [org.springframework.boot.devtools.autoconfigure.OptionalLiveReloadServer] [INFO] - LiveReload server is running on port 35729
  2018-12-31-13-30 [restartedMain] [org.springframework.jmx.export.annotation.AnnotationMBeanExporter] [INFO] - Registering beans for JMX exposure on startup
  2018-12-31-13-30 [restartedMain] [org.springframework.jmx.export.annotation.AnnotationMBeanExporter] [INFO] - Bean with name 'dataSource' has been autodetected for JMX exposure
  2018-12-31-13-30 [restartedMain] [org.springframework.jmx.export.annotation.AnnotationMBeanExporter] [INFO] - Located MBean 'dataSource': registering with JMX server as MBean [com.zaxxer.hikari:name=dataSource,type=HikariDataSource]
  2018-12-31-13-30 [restartedMain] [org.springframework.context.support.DefaultLifecycleProcessor] [INFO] - Starting beans in phase 2147483647
  2018-12-31-13-30 [restartedMain] [org.springframework.scheduling.quartz.SchedulerFactoryBean] [INFO] - Starting Quartz Scheduler now
  2018-12-31-13-30 [restartedMain] [org.quartz.core.QuartzScheduler] [INFO] - Scheduler quartzScheduler_$_NON_CLUSTERED started.
  2018-12-31-13-30 [restartedMain] [org.springframework.boot.web.embedded.tomcat.TomcatWebServer] [INFO] - Tomcat started on port(s): 8080 (http) with context path ''
  2018-12-31-13-30 [restartedMain] [com.os.manager.OnlinestoreManagerApplication] [INFO] - Started OnlinestoreManagerApplication in 2.903 seconds (JVM running for 3.391)
  2018-12-31-13-30 [http-nio-8080-exec-1] [org.springframework.web.servlet.DispatcherServlet] [INFO] - FrameworkServlet 'dispatcherServlet': initialization started
  2018-12-31-13-30 [http-nio-8080-exec-1] [org.springframework.web.servlet.DispatcherServlet] [INFO] - FrameworkServlet 'dispatcherServlet': initialization completed in 11 ms
  2018-12-31-13-30 [http-nio-8080-exec-1] [com.os.manager.aspect.LogAspect] [INFO] - com.os.manager.controller.RoleController.roleConfig|| req:{ [BaseResq(uid=1, appId=1, appKey=password@123)]}
  2018-12-31-13-30 [http-nio-8080-exec-1] [com.os.manager.serviceImpl.RoleServiceImpl] [ERROR] - 岗位配置查询失败！
  org.apache.ibatis.binding.BindingException: Invalid bound statement (not found): com.os.manager.dao.SysConfigRolesMapper.selectByExample
	at org.apache.ibatis.binding.MapperMethod$SqlCommand.<init>(MapperMethod.java:227)
	at org.apache.ibatis.binding.MapperMethod.<init>(MapperMethod.java:49)
	at org.apache.ibatis.binding.MapperProxy.cachedMapperMethod(MapperProxy.java:65)
	at org.apache.ibatis.binding.MapperProxy.invoke(MapperProxy.java:58)
	at com.sun.proxy.$Proxy80.selectByExample(Unknown Source)
	at com.os.manager.serviceImpl.RoleServiceImpl.queryAllRoles(RoleServiceImpl.java:49)
	at com.os.manager.controller.RoleController.roleConfig(RoleController.java:43)
	at com.os.manager.controller.RoleController$$FastClassBySpringCGLIB$$f60e926.invoke(<generated>)
	at org.springframework.cglib.proxy.MethodProxy.invoke(MethodProxy.java:204)
	at org.springframework.aop.framework.CglibAopProxy$CglibMethodInvocation.invokeJoinpoint(CglibAopProxy.java:746)
	at org.springframework.aop.framework.ReflectiveMethodInvocation.proceed(ReflectiveMethodInvocation.java:163)
	at org.springframework.aop.framework.adapter.MethodBeforeAdviceInterceptor.invoke(MethodBeforeAdviceInterceptor.java:56)
	at org.springframework.aop.framework.ReflectiveMethodInvocation.proceed(ReflectiveMethodInvocation.java:174)
	at org.springframework.aop.framework.adapter.AfterReturningAdviceInterceptor.invoke(AfterReturningAdviceInterceptor.java:55)
	at org.springframework.aop.framework.ReflectiveMethodInvocation.proceed(ReflectiveMethodInvocation.java:174)
	at org.springframework.aop.aspectj.AspectJAfterThrowingAdvice.invoke(AspectJAfterThrowingAdvice.java:62)
	at org.springframework.aop.framework.ReflectiveMethodInvocation.proceed(ReflectiveMethodInvocation.java:174)
	at org.springframework.aop.interceptor.ExposeInvocationInterceptor.invoke(ExposeInvocationInterceptor.java:92)
	at org.springframework.aop.framework.ReflectiveMethodInvocation.proceed(ReflectiveMethodInvocation.java:185)
	at org.springframework.aop.framework.CglibAopProxy$DynamicAdvisedInterceptor.intercept(CglibAopProxy.java:688)
	at com.os.manager.controller.RoleController$$EnhancerBySpringCGLIB$$b5e9a074.roleConfig(<generated>)
	at sun.reflect.NativeMethodAccessorImpl.invoke0(Native Method)
	at sun.reflect.NativeMethodAccessorImpl.invoke(NativeMethodAccessorImpl.java:62)
	at sun.reflect.DelegatingMethodAccessorImpl.invoke(DelegatingMethodAccessorImpl.java:43)
	at java.lang.reflect.Method.invoke(Method.java:498)
	at org.springframework.web.method.support.InvocableHandlerMethod.doInvoke(InvocableHandlerMethod.java:209)
	at org.springframework.web.method.support.InvocableHandlerMethod.invokeForRequest(InvocableHandlerMethod.java:136)
	at org.springframework.web.servlet.mvc.method.annotation.ServletInvocableHandlerMethod.invokeAndHandle(ServletInvocableHandlerMethod.java:102)
	at org.springframework.web.servlet.mvc.method.annotation.RequestMappingHandlerAdapter.invokeHandlerMethod(RequestMappingHandlerAdapter.java:891)
	at org.springframework.web.servlet.mvc.method.annotation.RequestMappingHandlerAdapter.handleInternal(RequestMappingHandlerAdapter.java:797)
	at org.springframework.web.servlet.mvc.method.AbstractHandlerMethodAdapter.handle(AbstractHandlerMethodAdapter.java:87)
	at org.springframework.web.servlet.DispatcherServlet.doDispatch(DispatcherServlet.java:991)
	at org.springframework.web.servlet.DispatcherServlet.doService(DispatcherServlet.java:925)
	at org.springframework.web.servlet.FrameworkServlet.processRequest(FrameworkServlet.java:981)
	at org.springframework.web.servlet.FrameworkServlet.doPost(FrameworkServlet.java:884)
	at javax.servlet.http.HttpServlet.service(HttpServlet.java:661)
	at org.springframework.web.servlet.FrameworkServlet.service(FrameworkServlet.java:858)
	at javax.servlet.http.HttpServlet.service(HttpServlet.java:742)
	at org.apache.catalina.core.ApplicationFilterChain.internalDoFilter(ApplicationFilterChain.java:231)
	at org.apache.catalina.core.ApplicationFilterChain.doFilter(ApplicationFilterChain.java:166)
	at org.apache.tomcat.websocket.server.WsFilter.doFilter(WsFilter.java:52)
	at org.apache.catalina.core.ApplicationFilterChain.internalDoFilter(ApplicationFilterChain.java:193)
	at org.apache.catalina.core.ApplicationFilterChain.doFilter(ApplicationFilterChain.java:166)
	at org.springframework.web.filter.RequestContextFilter.doFilterInternal(RequestContextFilter.java:99)
	at org.springframework.web.filter.OncePerRequestFilter.doFilter(OncePerRequestFilter.java:107)
	at org.apache.catalina.core.ApplicationFilterChain.internalDoFilter(ApplicationFilterChain.java:193)
	at org.apache.catalina.core.ApplicationFilterChain.doFilter(ApplicationFilterChain.java:166)
	at org.springframework.web.filter.HttpPutFormContentFilter.doFilterInternal(HttpPutFormContentFilter.java:109)
	at org.springframework.web.filter.OncePerRequestFilter.doFilter(OncePerRequestFilter.java:107)
	at org.apache.catalina.core.ApplicationFilterChain.internalDoFilter(ApplicationFilterChain.java:193)
	at org.apache.catalina.core.ApplicationFilterChain.doFilter(ApplicationFilterChain.java:166)
	at org.springframework.web.filter.HiddenHttpMethodFilter.doFilterInternal(HiddenHttpMethodFilter.java:93)
	at org.springframework.web.filter.OncePerRequestFilter.doFilter(OncePerRequestFilter.java:107)
	at org.apache.catalina.core.ApplicationFilterChain.internalDoFilter(ApplicationFilterChain.java:193)
	at org.apache.catalina.core.ApplicationFilterChain.doFilter(ApplicationFilterChain.java:166)
	at org.springframework.web.filter.CharacterEncodingFilter.doFilterInternal(CharacterEncodingFilter.java:200)
	at org.springframework.web.filter.OncePerRequestFilter.doFilter(OncePerRequestFilter.java:107)
	at org.apache.catalina.core.ApplicationFilterChain.internalDoFilter(ApplicationFilterChain.java:193)
	at org.apache.catalina.core.ApplicationFilterChain.doFilter(ApplicationFilterChain.java:166)
	at org.apache.catalina.core.StandardWrapperValve.invoke(StandardWrapperValve.java:198)
	at org.apache.catalina.core.StandardContextValve.invoke(StandardContextValve.java:96)
	at org.apache.catalina.authenticator.AuthenticatorBase.invoke(AuthenticatorBase.java:493)
	at org.apache.catalina.core.StandardHostValve.invoke(StandardHostValve.java:140)
	at org.apache.catalina.valves.ErrorReportValve.invoke(ErrorReportValve.java:81)
	at org.apache.catalina.core.StandardEngineValve.invoke(StandardEngineValve.java:87)
	at org.apache.catalina.connector.CoyoteAdapter.service(CoyoteAdapter.java:342)
	at org.apache.coyote.http11.Http11Processor.service(Http11Processor.java:800)
	at org.apache.coyote.AbstractProcessorLight.process(AbstractProcessorLight.java:66)
	at org.apache.coyote.AbstractProtocol$ConnectionHandler.process(AbstractProtocol.java:806)
	at org.apache.tomcat.util.net.NioEndpoint$SocketProcessor.doRun(NioEndpoint.java:1498)
	at org.apache.tomcat.util.net.SocketProcessorBase.run(SocketProcessorBase.java:49)
	at java.util.concurrent.ThreadPoolExecutor.runWorker(ThreadPoolExecutor.java:1142)
	at java.util.concurrent.ThreadPoolExecutor$Worker.run(ThreadPoolExecutor.java:617)
	at org.apache.tomcat.util.threads.TaskThread$WrappingRunnable.run(TaskThread.java:61)
	at java.lang.Thread.run(Thread.java:748)
2018-12-31-13-30 [http-nio-8080-exec-1] [com.os.manager.aspect.LogAspect] [INFO] - com.os.manager.controller.RoleController.roleConfig|| res:{ TableDataResp(total=0, rows=null)}
  2018-12-31-13-49 [Thread-6] [org.springframework.boot.web.servlet.context.AnnotationConfigServletWebServerApplicationContext] [INFO] - Closing org.springframework.boot.web.servlet.context.AnnotationConfigServletWebServerApplicationContext@242881b3: startup date [Mon Dec 31 13:30:04 CST 2018]; root of context hierarchy
  2018-12-31-13-49 [Thread-6] [org.springframework.context.support.DefaultLifecycleProcessor] [INFO] - Stopping beans in phase 2147483647
  2018-12-31-13-49 [Thread-6] [org.quartz.core.QuartzScheduler] [INFO] - Scheduler quartzScheduler_$_NON_CLUSTERED paused.
  2018-12-31-13-49 [Thread-6] [org.springframework.scheduling.quartz.SchedulerFactoryBean] [INFO] - Shutting down Quartz Scheduler
  2018-12-31-13-49 [Thread-6] [org.quartz.core.QuartzScheduler] [INFO] - Scheduler quartzScheduler_$_NON_CLUSTERED shutting down.
  2018-12-31-13-49 [Thread-6] [org.quartz.core.QuartzScheduler] [INFO] - Scheduler quartzScheduler_$_NON_CLUSTERED paused.
  2018-12-31-13-49 [Thread-6] [org.quartz.core.QuartzScheduler] [INFO] - Scheduler quartzScheduler_$_NON_CLUSTERED shutdown complete.
  2018-12-31-13-49 [Thread-6] [org.springframework.jmx.export.annotation.AnnotationMBeanExporter] [INFO] - Unregistering JMX-exposed beans on shutdown
  2018-12-31-13-49 [Thread-6] [org.springframework.jmx.export.annotation.AnnotationMBeanExporter] [INFO] - Unregistering JMX-exposed beans
  2018-12-31-13-49 [Thread-6] [com.zaxxer.hikari.HikariDataSource] [INFO] - HikariPool-1 - Shutdown initiated...
  2018-12-31-13-49 [Thread-6] [com.zaxxer.hikari.HikariDataSource] [INFO] - HikariPool-1 - Shutdown completed.
  2018-12-31-13-49 [restartedMain] [com.os.manager.OnlinestoreManagerApplication] [INFO] - Starting OnlinestoreManagerApplication on UVQ7T8K4LW8R4HV with PID 12432 (D:\workspace\onlinestore_manager\target\classes started by Administrator in D:\workspace\onlinestore_manager)
  2018-12-31-13-49 [restartedMain] [com.os.manager.OnlinestoreManagerApplication] [INFO] - No active profile set, falling back to default profiles: default
  2018-12-31-13-49 [restartedMain] [org.springframework.boot.web.servlet.context.AnnotationConfigServletWebServerApplicationContext] [INFO] - Refreshing org.springframework.boot.web.servlet.context.AnnotationConfigServletWebServerApplicationContext@69c4bdc7: startup date [Mon Dec 31 13:49:17 CST 2018]; root of context hierarchy
  2018-12-31-13-49 [restartedMain] [org.springframework.data.repository.config.RepositoryConfigurationDelegate] [INFO] - Multiple Spring Data modules found, entering strict repository configuration mode!
  2018-12-31-13-49 [restartedMain] [org.springframework.context.support.PostProcessorRegistrationDelegate$BeanPostProcessorChecker] [INFO] - Bean 'org.springframework.transaction.annotation.ProxyTransactionManagementConfiguration' of type [org.springframework.transaction.annotation.ProxyTransactionManagementConfiguration$$EnhancerBySpringCGLIB$$3851109b] is not eligible for getting processed by all BeanPostProcessors (for example: not eligible for auto-proxying)
  2018-12-31-13-49 [restartedMain] [org.springframework.boot.web.embedded.tomcat.TomcatWebServer] [INFO] - Tomcat initialized with port(s): 8080 (http)
  2018-12-31-13-49 [localhost-startStop-1] [org.springframework.web.context.ContextLoader] [INFO] - Root WebApplicationContext: initialization completed in 314 ms
  2018-12-31-13-49 [localhost-startStop-1] [org.springframework.boot.web.servlet.ServletRegistrationBean] [INFO] - Servlet dispatcherServlet mapped to [/]
  2018-12-31-13-49 [localhost-startStop-1] [org.springframework.boot.web.servlet.FilterRegistrationBean] [INFO] - Mapping filter: 'characterEncodingFilter' to: [/*]
  2018-12-31-13-49 [localhost-startStop-1] [org.springframework.boot.web.servlet.FilterRegistrationBean] [INFO] - Mapping filter: 'hiddenHttpMethodFilter' to: [/*]
  2018-12-31-13-49 [localhost-startStop-1] [org.springframework.boot.web.servlet.FilterRegistrationBean] [INFO] - Mapping filter: 'httpPutFormContentFilter' to: [/*]
  2018-12-31-13-49 [localhost-startStop-1] [org.springframework.boot.web.servlet.FilterRegistrationBean] [INFO] - Mapping filter: 'requestContextFilter' to: [/*]
  2018-12-31-13-49 [restartedMain] [org.springframework.web.servlet.handler.SimpleUrlHandlerMapping] [INFO] - Mapped URL path [/**/favicon.ico] onto handler of type [class org.springframework.web.servlet.resource.ResourceHttpRequestHandler]
  2018-12-31-13-49 [restartedMain] [org.springframework.web.servlet.mvc.method.annotation.RequestMappingHandlerAdapter] [INFO] - Looking for @ControllerAdvice: org.springframework.boot.web.servlet.context.AnnotationConfigServletWebServerApplicationContext@69c4bdc7: startup date [Mon Dec 31 13:49:17 CST 2018]; root of context hierarchy
  2018-12-31-13-49 [restartedMain] [org.springframework.web.servlet.mvc.method.annotation.RequestMappingHandlerMapping] [INFO] - Mapped "{[/system/role/conifg]}" onto public com.os.manager.response.TableDataResp com.os.manager.controller.RoleController.roleConfig(com.os.manager.request.base.BaseResq,org.springframework.validation.BindingResult)
  2018-12-31-13-49 [restartedMain] [org.springframework.web.servlet.mvc.method.annotation.RequestMappingHandlerMapping] [INFO] - Mapped "{[/test/test]}" onto public com.os.manager.response.TestResp com.os.manager.controller.TestController.test()
  2018-12-31-13-49 [restartedMain] [org.springframework.web.servlet.mvc.method.annotation.RequestMappingHandlerMapping] [INFO] - Mapped "{[/error]}" onto public org.springframework.http.ResponseEntity<java.util.Map<java.lang.String, java.lang.Object>> org.springframework.boot.autoconfigure.web.servlet.error.BasicErrorController.error(javax.servlet.http.HttpServletRequest)
  2018-12-31-13-49 [restartedMain] [org.springframework.web.servlet.mvc.method.annotation.RequestMappingHandlerMapping] [INFO] - Mapped "{[/error],produces=[text/html]}" onto public org.springframework.web.servlet.ModelAndView org.springframework.boot.autoconfigure.web.servlet.error.BasicErrorController.errorHtml(javax.servlet.http.HttpServletRequest,javax.servlet.http.HttpServletResponse)
  2018-12-31-13-49 [restartedMain] [org.springframework.web.servlet.handler.SimpleUrlHandlerMapping] [INFO] - Mapped URL path [/webjars/**] onto handler of type [class org.springframework.web.servlet.resource.ResourceHttpRequestHandler]
  2018-12-31-13-49 [restartedMain] [org.springframework.web.servlet.handler.SimpleUrlHandlerMapping] [INFO] - Mapped URL path [/**] onto handler of type [class org.springframework.web.servlet.resource.ResourceHttpRequestHandler]
  2018-12-31-13-49 [restartedMain] [com.zaxxer.hikari.HikariDataSource] [INFO] - HikariPool-2 - Starting...
  2018-12-31-13-49 [restartedMain] [com.zaxxer.hikari.HikariDataSource] [INFO] - HikariPool-2 - Start completed.
  2018-12-31-13-49 [restartedMain] [org.quartz.impl.StdSchedulerFactory] [INFO] - Using default implementation for ThreadExecutor
  2018-12-31-13-49 [restartedMain] [org.quartz.core.SchedulerSignalerImpl] [INFO] - Initialized Scheduler Signaller of type: class org.quartz.core.SchedulerSignalerImpl
  2018-12-31-13-49 [restartedMain] [org.quartz.core.QuartzScheduler] [INFO] - Quartz Scheduler v.2.3.0 created.
  2018-12-31-13-49 [restartedMain] [org.quartz.simpl.RAMJobStore] [INFO] - RAMJobStore initialized.
  2018-12-31-13-49 [restartedMain] [org.quartz.core.QuartzScheduler] [INFO] - Scheduler meta-data: Quartz Scheduler (v2.3.0) 'quartzScheduler' with instanceId 'NON_CLUSTERED'
  Scheduler class: 'org.quartz.core.QuartzScheduler' - running locally.
  NOT STARTED.
  Currently in standby mode.
  Number of jobs executed: 0
  Using thread pool 'org.quartz.simpl.SimpleThreadPool' - with 10 threads.
  Using job-store 'org.quartz.simpl.RAMJobStore' - which does not support persistence. and is not clustered.

  2018-12-31-13-49 [restartedMain] [org.quartz.impl.StdSchedulerFactory] [INFO] - Quartz scheduler 'quartzScheduler' initialized from an externally provided properties instance.
  2018-12-31-13-49 [restartedMain] [org.quartz.impl.StdSchedulerFactory] [INFO] - Quartz scheduler version: 2.3.0
  2018-12-31-13-49 [restartedMain] [org.quartz.core.QuartzScheduler] [INFO] - JobFactory set to: org.springframework.boot.autoconfigure.quartz.AutowireCapableBeanJobFactory@470c22d2
  2018-12-31-13-49 [restartedMain] [org.springframework.boot.devtools.autoconfigure.OptionalLiveReloadServer] [INFO] - LiveReload server is running on port 35729
  2018-12-31-13-49 [restartedMain] [org.springframework.jmx.export.annotation.AnnotationMBeanExporter] [INFO] - Registering beans for JMX exposure on startup
  2018-12-31-13-49 [restartedMain] [org.springframework.jmx.export.annotation.AnnotationMBeanExporter] [INFO] - Bean with name 'dataSource' has been autodetected for JMX exposure
  2018-12-31-13-49 [restartedMain] [org.springframework.jmx.export.annotation.AnnotationMBeanExporter] [INFO] - Located MBean 'dataSource': registering with JMX server as MBean [com.zaxxer.hikari:name=dataSource,type=HikariDataSource]
  2018-12-31-13-49 [restartedMain] [org.springframework.context.support.DefaultLifecycleProcessor] [INFO] - Starting beans in phase 2147483647
  2018-12-31-13-49 [restartedMain] [org.springframework.scheduling.quartz.SchedulerFactoryBean] [INFO] - Starting Quartz Scheduler now
  2018-12-31-13-49 [restartedMain] [org.quartz.core.QuartzScheduler] [INFO] - Scheduler quartzScheduler_$_NON_CLUSTERED started.
  2018-12-31-13-49 [restartedMain] [org.springframework.boot.web.embedded.tomcat.TomcatWebServer] [INFO] - Tomcat started on port(s): 8080 (http) with context path ''
  2018-12-31-13-49 [restartedMain] [com.os.manager.OnlinestoreManagerApplication] [INFO] - Started OnlinestoreManagerApplication in 1.08 seconds (JVM running for 1154.735)
  2018-12-31-13-49 [restartedMain] [org.springframework.boot.devtools.autoconfigure.ConditionEvaluationDeltaLoggingListener] [INFO] - Condition evaluation unchanged
  2018-12-31-13-49 [RMI TCP Connection(2)-127.0.0.1] [org.springframework.boot.admin.SpringApplicationAdminMXBeanRegistrar$SpringApplicationAdmin] [INFO] - Application shutdown requested.
  2018-12-31-13-49 [RMI TCP Connection(2)-127.0.0.1] [org.springframework.boot.web.servlet.context.AnnotationConfigServletWebServerApplicationContext] [INFO] - Closing org.springframework.boot.web.servlet.context.AnnotationConfigServletWebServerApplicationContext@69c4bdc7: startup date [Mon Dec 31 13:49:17 CST 2018]; root of context hierarchy
  2018-12-31-13-49 [RMI TCP Connection(2)-127.0.0.1] [org.springframework.context.support.DefaultLifecycleProcessor] [INFO] - Stopping beans in phase 2147483647
  2018-12-31-13-49 [RMI TCP Connection(2)-127.0.0.1] [org.quartz.core.QuartzScheduler] [INFO] - Scheduler quartzScheduler_$_NON_CLUSTERED paused.
  2018-12-31-13-49 [RMI TCP Connection(2)-127.0.0.1] [org.springframework.scheduling.quartz.SchedulerFactoryBean] [INFO] - Shutting down Quartz Scheduler
  2018-12-31-13-49 [RMI TCP Connection(2)-127.0.0.1] [org.quartz.core.QuartzScheduler] [INFO] - Scheduler quartzScheduler_$_NON_CLUSTERED shutting down.
  2018-12-31-13-49 [RMI TCP Connection(2)-127.0.0.1] [org.quartz.core.QuartzScheduler] [INFO] - Scheduler quartzScheduler_$_NON_CLUSTERED paused.
  2018-12-31-13-49 [RMI TCP Connection(2)-127.0.0.1] [org.quartz.core.QuartzScheduler] [INFO] - Scheduler quartzScheduler_$_NON_CLUSTERED shutdown complete.
  2018-12-31-13-49 [RMI TCP Connection(2)-127.0.0.1] [org.springframework.jmx.export.annotation.AnnotationMBeanExporter] [INFO] - Unregistering JMX-exposed beans on shutdown
  2018-12-31-13-49 [RMI TCP Connection(2)-127.0.0.1] [org.springframework.jmx.export.annotation.AnnotationMBeanExporter] [INFO] - Unregistering JMX-exposed beans
  2018-12-31-13-49 [RMI TCP Connection(2)-127.0.0.1] [com.zaxxer.hikari.HikariDataSource] [INFO] - HikariPool-2 - Shutdown initiated...
  2018-12-31-13-49 [RMI TCP Connection(2)-127.0.0.1] [com.zaxxer.hikari.HikariDataSource] [INFO] - HikariPool-2 - Shutdown completed.
  2018-12-31-13-49 [background-preinit] [org.hibernate.validator.internal.util.Version] [INFO] - HV000001: Hibernate Validator 6.0.13.Final
  2018-12-31-13-49 [restartedMain] [com.os.manager.OnlinestoreManagerApplication] [INFO] - Starting OnlinestoreManagerApplication on UVQ7T8K4LW8R4HV with PID 2336 (D:\workspace\onlinestore_manager\target\classes started by Administrator in D:\workspace\onlinestore_manager)
  2018-12-31-13-49 [restartedMain] [com.os.manager.OnlinestoreManagerApplication] [INFO] - No active profile set, falling back to default profiles: default
  2018-12-31-13-49 [restartedMain] [org.springframework.boot.web.servlet.context.AnnotationConfigServletWebServerApplicationContext] [INFO] - Refreshing org.springframework.boot.web.servlet.context.AnnotationConfigServletWebServerApplicationContext@469f98d: startup date [Mon Dec 31 13:49:37 CST 2018]; root of context hierarchy
  2018-12-31-13-49 [restartedMain] [org.springframework.data.repository.config.RepositoryConfigurationDelegate] [INFO] - Multiple Spring Data modules found, entering strict repository configuration mode!
  2018-12-31-13-49 [restartedMain] [org.springframework.context.support.PostProcessorRegistrationDelegate$BeanPostProcessorChecker] [INFO] - Bean 'org.springframework.transaction.annotation.ProxyTransactionManagementConfiguration' of type [org.springframework.transaction.annotation.ProxyTransactionManagementConfiguration$$EnhancerBySpringCGLIB$$8517a478] is not eligible for getting processed by all BeanPostProcessors (for example: not eligible for auto-proxying)
  2018-12-31-13-49 [restartedMain] [org.springframework.boot.web.embedded.tomcat.TomcatWebServer] [INFO] - Tomcat initialized with port(s): 8080 (http)
  2018-12-31-13-49 [localhost-startStop-1] [org.springframework.web.context.ContextLoader] [INFO] - Root WebApplicationContext: initialization completed in 1315 ms
  2018-12-31-13-49 [localhost-startStop-1] [org.springframework.boot.web.servlet.ServletRegistrationBean] [INFO] - Servlet dispatcherServlet mapped to [/]
  2018-12-31-13-49 [localhost-startStop-1] [org.springframework.boot.web.servlet.FilterRegistrationBean] [INFO] - Mapping filter: 'characterEncodingFilter' to: [/*]
  2018-12-31-13-49 [localhost-startStop-1] [org.springframework.boot.web.servlet.FilterRegistrationBean] [INFO] - Mapping filter: 'hiddenHttpMethodFilter' to: [/*]
  2018-12-31-13-49 [localhost-startStop-1] [org.springframework.boot.web.servlet.FilterRegistrationBean] [INFO] - Mapping filter: 'httpPutFormContentFilter' to: [/*]
  2018-12-31-13-49 [localhost-startStop-1] [org.springframework.boot.web.servlet.FilterRegistrationBean] [INFO] - Mapping filter: 'requestContextFilter' to: [/*]
  2018-12-31-13-49 [restartedMain] [org.springframework.web.servlet.handler.SimpleUrlHandlerMapping] [INFO] - Mapped URL path [/**/favicon.ico] onto handler of type [class org.springframework.web.servlet.resource.ResourceHttpRequestHandler]
  2018-12-31-13-49 [restartedMain] [org.springframework.web.servlet.mvc.method.annotation.RequestMappingHandlerAdapter] [INFO] - Looking for @ControllerAdvice: org.springframework.boot.web.servlet.context.AnnotationConfigServletWebServerApplicationContext@469f98d: startup date [Mon Dec 31 13:49:37 CST 2018]; root of context hierarchy
  2018-12-31-13-49 [restartedMain] [org.springframework.web.servlet.mvc.method.annotation.RequestMappingHandlerMapping] [INFO] - Mapped "{[/system/role/conifg]}" onto public com.os.manager.response.TableDataResp com.os.manager.controller.RoleController.roleConfig(com.os.manager.request.base.BaseResq,org.springframework.validation.BindingResult)
  2018-12-31-13-49 [restartedMain] [org.springframework.web.servlet.mvc.method.annotation.RequestMappingHandlerMapping] [INFO] - Mapped "{[/test/test]}" onto public com.os.manager.response.TestResp com.os.manager.controller.TestController.test()
  2018-12-31-13-49 [restartedMain] [org.springframework.web.servlet.mvc.method.annotation.RequestMappingHandlerMapping] [INFO] - Mapped "{[/error]}" onto public org.springframework.http.ResponseEntity<java.util.Map<java.lang.String, java.lang.Object>> org.springframework.boot.autoconfigure.web.servlet.error.BasicErrorController.error(javax.servlet.http.HttpServletRequest)
  2018-12-31-13-49 [restartedMain] [org.springframework.web.servlet.mvc.method.annotation.RequestMappingHandlerMapping] [INFO] - Mapped "{[/error],produces=[text/html]}" onto public org.springframework.web.servlet.ModelAndView org.springframework.boot.autoconfigure.web.servlet.error.BasicErrorController.errorHtml(javax.servlet.http.HttpServletRequest,javax.servlet.http.HttpServletResponse)
  2018-12-31-13-49 [restartedMain] [org.springframework.web.servlet.handler.SimpleUrlHandlerMapping] [INFO] - Mapped URL path [/webjars/**] onto handler of type [class org.springframework.web.servlet.resource.ResourceHttpRequestHandler]
  2018-12-31-13-49 [restartedMain] [org.springframework.web.servlet.handler.SimpleUrlHandlerMapping] [INFO] - Mapped URL path [/**] onto handler of type [class org.springframework.web.servlet.resource.ResourceHttpRequestHandler]
  2018-12-31-13-49 [restartedMain] [com.zaxxer.hikari.HikariDataSource] [INFO] - HikariPool-1 - Starting...
  2018-12-31-13-49 [restartedMain] [com.zaxxer.hikari.HikariDataSource] [INFO] - HikariPool-1 - Start completed.
  2018-12-31-13-49 [restartedMain] [org.quartz.impl.StdSchedulerFactory] [INFO] - Using default implementation for ThreadExecutor
  2018-12-31-13-49 [restartedMain] [org.quartz.core.SchedulerSignalerImpl] [INFO] - Initialized Scheduler Signaller of type: class org.quartz.core.SchedulerSignalerImpl
  2018-12-31-13-49 [restartedMain] [org.quartz.core.QuartzScheduler] [INFO] - Quartz Scheduler v.2.3.0 created.
  2018-12-31-13-49 [restartedMain] [org.quartz.simpl.RAMJobStore] [INFO] - RAMJobStore initialized.
  2018-12-31-13-49 [restartedMain] [org.quartz.core.QuartzScheduler] [INFO] - Scheduler meta-data: Quartz Scheduler (v2.3.0) 'quartzScheduler' with instanceId 'NON_CLUSTERED'
  Scheduler class: 'org.quartz.core.QuartzScheduler' - running locally.
  NOT STARTED.
  Currently in standby mode.
  Number of jobs executed: 0
  Using thread pool 'org.quartz.simpl.SimpleThreadPool' - with 10 threads.
  Using job-store 'org.quartz.simpl.RAMJobStore' - which does not support persistence. and is not clustered.

  2018-12-31-13-49 [restartedMain] [org.quartz.impl.StdSchedulerFactory] [INFO] - Quartz scheduler 'quartzScheduler' initialized from an externally provided properties instance.
  2018-12-31-13-49 [restartedMain] [org.quartz.impl.StdSchedulerFactory] [INFO] - Quartz scheduler version: 2.3.0
  2018-12-31-13-49 [restartedMain] [org.quartz.core.QuartzScheduler] [INFO] - JobFactory set to: org.springframework.boot.autoconfigure.quartz.AutowireCapableBeanJobFactory@675537ca
  2018-12-31-13-49 [restartedMain] [org.springframework.boot.devtools.autoconfigure.OptionalLiveReloadServer] [INFO] - LiveReload server is running on port 35729
  2018-12-31-13-49 [restartedMain] [org.springframework.jmx.export.annotation.AnnotationMBeanExporter] [INFO] - Registering beans for JMX exposure on startup
  2018-12-31-13-49 [restartedMain] [org.springframework.jmx.export.annotation.AnnotationMBeanExporter] [INFO] - Bean with name 'dataSource' has been autodetected for JMX exposure
  2018-12-31-13-49 [restartedMain] [org.springframework.jmx.export.annotation.AnnotationMBeanExporter] [INFO] - Located MBean 'dataSource': registering with JMX server as MBean [com.zaxxer.hikari:name=dataSource,type=HikariDataSource]
  2018-12-31-13-49 [restartedMain] [org.springframework.context.support.DefaultLifecycleProcessor] [INFO] - Starting beans in phase 2147483647
  2018-12-31-13-49 [restartedMain] [org.springframework.scheduling.quartz.SchedulerFactoryBean] [INFO] - Starting Quartz Scheduler now
  2018-12-31-13-49 [restartedMain] [org.quartz.core.QuartzScheduler] [INFO] - Scheduler quartzScheduler_$_NON_CLUSTERED started.
  2018-12-31-13-49 [restartedMain] [org.springframework.boot.web.embedded.tomcat.TomcatWebServer] [INFO] - Tomcat started on port(s): 8080 (http) with context path ''
  2018-12-31-13-49 [restartedMain] [com.os.manager.OnlinestoreManagerApplication] [INFO] - Started OnlinestoreManagerApplication in 3.067 seconds (JVM running for 3.575)
  2018-12-31-13-49 [http-nio-8080-exec-2] [org.springframework.web.servlet.DispatcherServlet] [INFO] - FrameworkServlet 'dispatcherServlet': initialization started
  2018-12-31-13-49 [http-nio-8080-exec-2] [org.springframework.web.servlet.DispatcherServlet] [INFO] - FrameworkServlet 'dispatcherServlet': initialization completed in 14 ms
  2018-12-31-13-49 [http-nio-8080-exec-2] [com.os.manager.aspect.LogAspect] [INFO] - com.os.manager.controller.RoleController.roleConfig|| req:{ [BaseResq(uid=1, appId=1, appKey=password@123)]}
  2018-12-31-13-49 [http-nio-8080-exec-2] [com.os.manager.aspect.LogAspect] [INFO] - com.os.manager.controller.RoleController.roleConfig|| res:{ TableDataResp(total=1, rows=[{"createTime":1545902130000,"id":1,"modifiedTime":1545902130000,"roleDesc":"系统所有权限（请勿删除）","roleName":"系统管理员"}])}
  2018-12-31-15-14 [RMI TCP Connection(2)-127.0.0.1] [org.springframework.boot.admin.SpringApplicationAdminMXBeanRegistrar$SpringApplicationAdmin] [INFO] - Application shutdown requested.
  2018-12-31-15-14 [RMI TCP Connection(2)-127.0.0.1] [org.springframework.boot.web.servlet.context.AnnotationConfigServletWebServerApplicationContext] [INFO] - Closing org.springframework.boot.web.servlet.context.AnnotationConfigServletWebServerApplicationContext@469f98d: startup date [Mon Dec 31 13:49:37 CST 2018]; root of context hierarchy
  2018-12-31-15-14 [RMI TCP Connection(2)-127.0.0.1] [org.springframework.context.support.DefaultLifecycleProcessor] [INFO] - Stopping beans in phase 2147483647
  2018-12-31-15-14 [RMI TCP Connection(2)-127.0.0.1] [org.quartz.core.QuartzScheduler] [INFO] - Scheduler quartzScheduler_$_NON_CLUSTERED paused.
  2018-12-31-15-14 [RMI TCP Connection(2)-127.0.0.1] [org.springframework.scheduling.quartz.SchedulerFactoryBean] [INFO] - Shutting down Quartz Scheduler
  2018-12-31-15-14 [RMI TCP Connection(2)-127.0.0.1] [org.quartz.core.QuartzScheduler] [INFO] - Scheduler quartzScheduler_$_NON_CLUSTERED shutting down.
  2018-12-31-15-14 [RMI TCP Connection(2)-127.0.0.1] [org.quartz.core.QuartzScheduler] [INFO] - Scheduler quartzScheduler_$_NON_CLUSTERED paused.
  2018-12-31-15-14 [RMI TCP Connection(2)-127.0.0.1] [org.quartz.core.QuartzScheduler] [INFO] - Scheduler quartzScheduler_$_NON_CLUSTERED shutdown complete.
  2018-12-31-15-14 [RMI TCP Connection(2)-127.0.0.1] [org.springframework.jmx.export.annotation.AnnotationMBeanExporter] [INFO] - Unregistering JMX-exposed beans on shutdown
  2018-12-31-15-14 [RMI TCP Connection(2)-127.0.0.1] [org.springframework.jmx.export.annotation.AnnotationMBeanExporter] [INFO] - Unregistering JMX-exposed beans
  2018-12-31-15-14 [RMI TCP Connection(2)-127.0.0.1] [com.zaxxer.hikari.HikariDataSource] [INFO] - HikariPool-1 - Shutdown initiated...
  2018-12-31-15-14 [RMI TCP Connection(2)-127.0.0.1] [com.zaxxer.hikari.HikariDataSource] [INFO] - HikariPool-1 - Shutdown completed.
  